#
# There is insufficient memory for the Java Runtime Environment to continue.
# Native memory allocation (malloc) failed to allocate 134816 bytes for Chunk::new
# Possible reasons:
#   The system is out of physical RAM or swap space
#   The process is running with CompressedOops enabled, and the Java Heap may be blocking the growth of the native heap
# Possible solutions:
#   Reduce memory load on the system
#   Increase physical memory or swap space
#   Check if swap backing store is full
#   Decrease Java heap size (-Xmx/-Xms)
#   Decrease number of Java threads
#   Decrease Java thread stack sizes (-Xss)
#   Set larger code cache with -XX:ReservedCodeCacheSize=
#   JVM is running with Unscaled Compressed Oops mode in which the Java heap is
#     placed in the first 4GB address space. The Java Heap base address is the
#     maximum limit for the native heap growth. Please use -XX:HeapBaseMinAddress
#     to set the Java Heap base and to place the Java Heap above 4GB virtual address.
# This output file may be truncated or incomplete.
#
#  Out of Memory Error (arena.cpp:184), pid=17316, tid=32336
#
# JRE version: Java(TM) SE Runtime Environment (20.0.2+9) (build 20.0.2+9-78)
# Java VM: Java HotSpot(TM) 64-Bit Server VM (20.0.2+9-78, mixed mode, sharing, tiered, compressed oops, compressed class ptrs, g1 gc, windows-amd64)
# No core dump will be written. Minidumps are not enabled by default on client versions of Windows
#

---------------  S U M M A R Y ------------

Command Line: -Dfile.encoding=UTF-8 --module-path=C:\Users\91830\OneDrive\Documents\NetBeansProjects\AirlineManagementSystem\build\classes airlinemanagementsystem.BookFlight

Host: 12th Gen Intel(R) Core(TM) i5-1235U, 12 cores, 7G,  Windows 11 , 64 bit Build 22621 (10.0.22621.3527)
Time: Fri May 31 00:10:32 2024 India Standard Time elapsed time: 0.090105 seconds (0d 0h 0m 0s)

---------------  T H R E A D  ---------------

Current thread (0x0000017abf993730):  JavaThread "C2 CompilerThread0" daemon [_thread_in_native, id=32336, stack(0x0000000e91000000,0x0000000e91100000)]


Current CompileTask:
C2:     90  160       4       java.util.HashMap::putVal (300 bytes)

Stack: [0x0000000e91000000,0x0000000e91100000]
Native frames: (J=compiled Java code, j=interpreted, Vv=VM code, C=native code)
V  [jvm.dll+0x6bc25a]
V  [jvm.dll+0x84971a]
V  [jvm.dll+0x84b315]
V  [jvm.dll+0x84ba13]
V  [jvm.dll+0x280e4f]
V  [jvm.dll+0xc2ab1]
V  [jvm.dll+0xc2dd5]
V  [jvm.dll+0x2f611f]
V  [jvm.dll+0x5e3b0b]
V  [jvm.dll+0x254684]
V  [jvm.dll+0x24ce00]
V  [jvm.dll+0x24a819]
V  [jvm.dll+0x1ce761]
V  [jvm.dll+0x25a0eb]
V  [jvm.dll+0x2587c0]
V  [jvm.dll+0x3f2dd5]
V  [jvm.dll+0x7f5c76]
V  [jvm.dll+0x6baecb]
C  [ucrtbase.dll+0x29333]
C  [KERNEL32.DLL+0x1257d]
C  [ntdll.dll+0x5aa48]


---------------  P R O C E S S  ---------------

Threads class SMR info:
_java_thread_list=0x0000017b04ca63f0, length=10, elements={
0x0000017aa2cab280, 0x0000017abf988a10, 0x0000017abf989850, 0x0000017abf98af80,
0x0000017abf98e220, 0x0000017abf98ec90, 0x0000017abf991750, 0x0000017abf993730,
0x0000017abf9b3930, 0x0000017abf954ce0
}

Java Threads: ( => current thread )
  0x0000017aa2cab280 JavaThread "main" [_thread_in_Java, id=32700, stack(0x0000000e90300000,0x0000000e90400000)]
  0x0000017abf988a10 JavaThread "Reference Handler" daemon [_thread_blocked, id=18568, stack(0x0000000e90a00000,0x0000000e90b00000)]
  0x0000017abf989850 JavaThread "Finalizer" daemon [_thread_blocked, id=32292, stack(0x0000000e90b00000,0x0000000e90c00000)]
  0x0000017abf98af80 JavaThread "Signal Dispatcher" daemon [_thread_blocked, id=29108, stack(0x0000000e90c00000,0x0000000e90d00000)]
  0x0000017abf98e220 JavaThread "Attach Listener" daemon [_thread_blocked, id=16364, stack(0x0000000e90d00000,0x0000000e90e00000)]
  0x0000017abf98ec90 JavaThread "Service Thread" daemon [_thread_blocked, id=31944, stack(0x0000000e90e00000,0x0000000e90f00000)]
  0x0000017abf991750 JavaThread "Monitor Deflation Thread" daemon [_thread_blocked, id=30152, stack(0x0000000e90f00000,0x0000000e91000000)]
=>0x0000017abf993730 JavaThread "C2 CompilerThread0" daemon [_thread_in_native, id=32336, stack(0x0000000e91000000,0x0000000e91100000)]
  0x0000017abf9b3930 JavaThread "C1 CompilerThread0" daemon [_thread_blocked, id=26124, stack(0x0000000e91100000,0x0000000e91200000)]
  0x0000017abf954ce0 JavaThread "Common-Cleaner" daemon [_thread_blocked, id=27000, stack(0x0000000e91200000,0x0000000e91300000)]

Other Threads:
  0x0000017abf96c270 VMThread "VM Thread" [stack: 0x0000000e90900000,0x0000000e90a00000] [id=29976]
  0x0000017aa2d0b810 WorkerThread "GC Thread#0" [stack: 0x0000000e90400000,0x0000000e90500000] [id=22840]
  0x0000017aa2d1bd60 ConcurrentGCThread "G1 Main Marker" [stack: 0x0000000e90500000,0x0000000e90600000] [id=18872]
  0x0000017aa2d1c790 WorkerThread "G1 Conc#0" [stack: 0x0000000e90600000,0x0000000e90700000] [id=30968]
  0x0000017aa2d6e900 ConcurrentGCThread "G1 Refine#0" [stack: 0x0000000e90700000,0x0000000e90800000] [id=22408]
  0x0000017abf8278f0 ConcurrentGCThread "G1 Service" [stack: 0x0000000e90800000,0x0000000e90900000] [id=13108]

Threads with active compile tasks:
C2 CompilerThread0      106  160       4       java.util.HashMap::putVal (300 bytes)

VM state: not at safepoint (normal execution)

VM Mutex/Monitor currently owned by a thread: None

Heap address: 0x0000000085200000, size: 1966 MB, Compressed Oops mode: 32-bit

CDS archive(s) mapped at: [0x0000017abfc00000-0x0000017ac0860000-0x0000017ac0860000), size 12976128, SharedBaseAddress: 0x0000017abfc00000, ArchiveRelocationMode: 1.
Compressed class space mapped at: 0x0000017ac0c00000-0x0000017b00c00000, reserved size: 1073741824
Narrow klass base: 0x0000017abfc00000, Narrow klass shift: 0, Narrow klass range: 0x100000000

GC Precious Log:
 CardTable entry size: 512
 Card Set container configuration: InlinePtr #cards 5 size 8 Array Of Cards #cards 12 size 40 Howl #buckets 4 coarsen threshold 1843 Howl Bitmap #cards 512 size 80 coarsen threshold 460 Card regions per heap region 1 cards per card region 2048
 CPUs: 12 total, 12 available
 Memory: 7863M
 Large Page Support: Disabled
 NUMA Support: Disabled
 Compressed Oops: Enabled (32-bit)
 Heap Region Size: 1M
 Heap Min Capacity: 8M
 Heap Initial Capacity: 124M
 Heap Max Capacity: 1966M
 Pre-touch: Disabled
 Parallel Workers: 10
 Concurrent Workers: 3
 Concurrent Refinement Workers: 10
 Periodic GC: Disabled

Heap:
 garbage-first heap   total 126976K, used 2048K [0x0000000085200000, 0x0000000100000000)
  region size 1024K, 3 young (3072K), 0 survivors (0K)
 Metaspace       used 310K, committed 512K, reserved 1114112K
  class space    used 20K, committed 128K, reserved 1048576K

Heap Regions: E=young(eden), S=young(survivor), O=old, HS=humongous(starts), HC=humongous(continues), CS=collection set, F=free, OA=open archive, CA=closed archive, TAMS=top-at-mark-start, PB=parsable bottom
|   0|0x0000000085200000, 0x0000000085200000, 0x0000000085300000|  0%| F|  |TAMS 0x0000000085200000| PB 0x0000000085200000| Untracked 
|   1|0x0000000085300000, 0x0000000085300000, 0x0000000085400000|  0%| F|  |TAMS 0x0000000085300000| PB 0x0000000085300000| Untracked 
|   2|0x0000000085400000, 0x0000000085400000, 0x0000000085500000|  0%| F|  |TAMS 0x0000000085400000| PB 0x0000000085400000| Untracked 
|   3|0x0000000085500000, 0x0000000085500000, 0x0000000085600000|  0%| F|  |TAMS 0x0000000085500000| PB 0x0000000085500000| Untracked 
|   4|0x0000000085600000, 0x0000000085600000, 0x0000000085700000|  0%| F|  |TAMS 0x0000000085600000| PB 0x0000000085600000| Untracked 
|   5|0x0000000085700000, 0x0000000085700000, 0x0000000085800000|  0%| F|  |TAMS 0x0000000085700000| PB 0x0000000085700000| Untracked 
|   6|0x0000000085800000, 0x0000000085800000, 0x0000000085900000|  0%| F|  |TAMS 0x0000000085800000| PB 0x0000000085800000| Untracked 
|   7|0x0000000085900000, 0x0000000085900000, 0x0000000085a00000|  0%| F|  |TAMS 0x0000000085900000| PB 0x0000000085900000| Untracked 
|   8|0x0000000085a00000, 0x0000000085a00000, 0x0000000085b00000|  0%| F|  |TAMS 0x0000000085a00000| PB 0x0000000085a00000| Untracked 
|   9|0x0000000085b00000, 0x0000000085b00000, 0x0000000085c00000|  0%| F|  |TAMS 0x0000000085b00000| PB 0x0000000085b00000| Untracked 
|  10|0x0000000085c00000, 0x0000000085c00000, 0x0000000085d00000|  0%| F|  |TAMS 0x0000000085c00000| PB 0x0000000085c00000| Untracked 
|  11|0x0000000085d00000, 0x0000000085d00000, 0x0000000085e00000|  0%| F|  |TAMS 0x0000000085d00000| PB 0x0000000085d00000| Untracked 
|  12|0x0000000085e00000, 0x0000000085e00000, 0x0000000085f00000|  0%| F|  |TAMS 0x0000000085e00000| PB 0x0000000085e00000| Untracked 
|  13|0x0000000085f00000, 0x0000000085f00000, 0x0000000086000000|  0%| F|  |TAMS 0x0000000085f00000| PB 0x0000000085f00000| Untracked 
|  14|0x0000000086000000, 0x0000000086000000, 0x0000000086100000|  0%| F|  |TAMS 0x0000000086000000| PB 0x0000000086000000| Untracked 
|  15|0x0000000086100000, 0x0000000086100000, 0x0000000086200000|  0%| F|  |TAMS 0x0000000086100000| PB 0x0000000086100000| Untracked 
|  16|0x0000000086200000, 0x0000000086200000, 0x0000000086300000|  0%| F|  |TAMS 0x0000000086200000| PB 0x0000000086200000| Untracked 
|  17|0x0000000086300000, 0x0000000086300000, 0x0000000086400000|  0%| F|  |TAMS 0x0000000086300000| PB 0x0000000086300000| Untracked 
|  18|0x0000000086400000, 0x0000000086400000, 0x0000000086500000|  0%| F|  |TAMS 0x0000000086400000| PB 0x0000000086400000| Untracked 
|  19|0x0000000086500000, 0x0000000086500000, 0x0000000086600000|  0%| F|  |TAMS 0x0000000086500000| PB 0x0000000086500000| Untracked 
|  20|0x0000000086600000, 0x0000000086600000, 0x0000000086700000|  0%| F|  |TAMS 0x0000000086600000| PB 0x0000000086600000| Untracked 
|  21|0x0000000086700000, 0x0000000086700000, 0x0000000086800000|  0%| F|  |TAMS 0x0000000086700000| PB 0x0000000086700000| Untracked 
|  22|0x0000000086800000, 0x0000000086800000, 0x0000000086900000|  0%| F|  |TAMS 0x0000000086800000| PB 0x0000000086800000| Untracked 
|  23|0x0000000086900000, 0x0000000086900000, 0x0000000086a00000|  0%| F|  |TAMS 0x0000000086900000| PB 0x0000000086900000| Untracked 
|  24|0x0000000086a00000, 0x0000000086a00000, 0x0000000086b00000|  0%| F|  |TAMS 0x0000000086a00000| PB 0x0000000086a00000| Untracked 
|  25|0x0000000086b00000, 0x0000000086b00000, 0x0000000086c00000|  0%| F|  |TAMS 0x0000000086b00000| PB 0x0000000086b00000| Untracked 
|  26|0x0000000086c00000, 0x0000000086c00000, 0x0000000086d00000|  0%| F|  |TAMS 0x0000000086c00000| PB 0x0000000086c00000| Untracked 
|  27|0x0000000086d00000, 0x0000000086d00000, 0x0000000086e00000|  0%| F|  |TAMS 0x0000000086d00000| PB 0x0000000086d00000| Untracked 
|  28|0x0000000086e00000, 0x0000000086e00000, 0x0000000086f00000|  0%| F|  |TAMS 0x0000000086e00000| PB 0x0000000086e00000| Untracked 
|  29|0x0000000086f00000, 0x0000000086f00000, 0x0000000087000000|  0%| F|  |TAMS 0x0000000086f00000| PB 0x0000000086f00000| Untracked 
|  30|0x0000000087000000, 0x0000000087000000, 0x0000000087100000|  0%| F|  |TAMS 0x0000000087000000| PB 0x0000000087000000| Untracked 
|  31|0x0000000087100000, 0x0000000087100000, 0x0000000087200000|  0%| F|  |TAMS 0x0000000087100000| PB 0x0000000087100000| Untracked 
|  32|0x0000000087200000, 0x0000000087200000, 0x0000000087300000|  0%| F|  |TAMS 0x0000000087200000| PB 0x0000000087200000| Untracked 
|  33|0x0000000087300000, 0x0000000087300000, 0x0000000087400000|  0%| F|  |TAMS 0x0000000087300000| PB 0x0000000087300000| Untracked 
|  34|0x0000000087400000, 0x0000000087400000, 0x0000000087500000|  0%| F|  |TAMS 0x0000000087400000| PB 0x0000000087400000| Untracked 
|  35|0x0000000087500000, 0x0000000087500000, 0x0000000087600000|  0%| F|  |TAMS 0x0000000087500000| PB 0x0000000087500000| Untracked 
|  36|0x0000000087600000, 0x0000000087600000, 0x0000000087700000|  0%| F|  |TAMS 0x0000000087600000| PB 0x0000000087600000| Untracked 
|  37|0x0000000087700000, 0x0000000087700000, 0x0000000087800000|  0%| F|  |TAMS 0x0000000087700000| PB 0x0000000087700000| Untracked 
|  38|0x0000000087800000, 0x0000000087800000, 0x0000000087900000|  0%| F|  |TAMS 0x0000000087800000| PB 0x0000000087800000| Untracked 
|  39|0x0000000087900000, 0x0000000087900000, 0x0000000087a00000|  0%| F|  |TAMS 0x0000000087900000| PB 0x0000000087900000| Untracked 
|  40|0x0000000087a00000, 0x0000000087a00000, 0x0000000087b00000|  0%| F|  |TAMS 0x0000000087a00000| PB 0x0000000087a00000| Untracked 
|  41|0x0000000087b00000, 0x0000000087b00000, 0x0000000087c00000|  0%| F|  |TAMS 0x0000000087b00000| PB 0x0000000087b00000| Untracked 
|  42|0x0000000087c00000, 0x0000000087c00000, 0x0000000087d00000|  0%| F|  |TAMS 0x0000000087c00000| PB 0x0000000087c00000| Untracked 
|  43|0x0000000087d00000, 0x0000000087d00000, 0x0000000087e00000|  0%| F|  |TAMS 0x0000000087d00000| PB 0x0000000087d00000| Untracked 
|  44|0x0000000087e00000, 0x0000000087e00000, 0x0000000087f00000|  0%| F|  |TAMS 0x0000000087e00000| PB 0x0000000087e00000| Untracked 
|  45|0x0000000087f00000, 0x0000000087f00000, 0x0000000088000000|  0%| F|  |TAMS 0x0000000087f00000| PB 0x0000000087f00000| Untracked 
|  46|0x0000000088000000, 0x0000000088000000, 0x0000000088100000|  0%| F|  |TAMS 0x0000000088000000| PB 0x0000000088000000| Untracked 
|  47|0x0000000088100000, 0x0000000088100000, 0x0000000088200000|  0%| F|  |TAMS 0x0000000088100000| PB 0x0000000088100000| Untracked 
|  48|0x0000000088200000, 0x0000000088200000, 0x0000000088300000|  0%| F|  |TAMS 0x0000000088200000| PB 0x0000000088200000| Untracked 
|  49|0x0000000088300000, 0x0000000088300000, 0x0000000088400000|  0%| F|  |TAMS 0x0000000088300000| PB 0x0000000088300000| Untracked 
|  50|0x0000000088400000, 0x0000000088400000, 0x0000000088500000|  0%| F|  |TAMS 0x0000000088400000| PB 0x0000000088400000| Untracked 
|  51|0x0000000088500000, 0x0000000088500000, 0x0000000088600000|  0%| F|  |TAMS 0x0000000088500000| PB 0x0000000088500000| Untracked 
|  52|0x0000000088600000, 0x0000000088600000, 0x0000000088700000|  0%| F|  |TAMS 0x0000000088600000| PB 0x0000000088600000| Untracked 
|  53|0x0000000088700000, 0x0000000088700000, 0x0000000088800000|  0%| F|  |TAMS 0x0000000088700000| PB 0x0000000088700000| Untracked 
|  54|0x0000000088800000, 0x0000000088800000, 0x0000000088900000|  0%| F|  |TAMS 0x0000000088800000| PB 0x0000000088800000| Untracked 
|  55|0x0000000088900000, 0x0000000088900000, 0x0000000088a00000|  0%| F|  |TAMS 0x0000000088900000| PB 0x0000000088900000| Untracked 
|  56|0x0000000088a00000, 0x0000000088a00000, 0x0000000088b00000|  0%| F|  |TAMS 0x0000000088a00000| PB 0x0000000088a00000| Untracked 
|  57|0x0000000088b00000, 0x0000000088b00000, 0x0000000088c00000|  0%| F|  |TAMS 0x0000000088b00000| PB 0x0000000088b00000| Untracked 
|  58|0x0000000088c00000, 0x0000000088c00000, 0x0000000088d00000|  0%| F|  |TAMS 0x0000000088c00000| PB 0x0000000088c00000| Untracked 
|  59|0x0000000088d00000, 0x0000000088d00000, 0x0000000088e00000|  0%| F|  |TAMS 0x0000000088d00000| PB 0x0000000088d00000| Untracked 
|  60|0x0000000088e00000, 0x0000000088e00000, 0x0000000088f00000|  0%| F|  |TAMS 0x0000000088e00000| PB 0x0000000088e00000| Untracked 
|  61|0x0000000088f00000, 0x0000000088f00000, 0x0000000089000000|  0%| F|  |TAMS 0x0000000088f00000| PB 0x0000000088f00000| Untracked 
|  62|0x0000000089000000, 0x0000000089000000, 0x0000000089100000|  0%| F|  |TAMS 0x0000000089000000| PB 0x0000000089000000| Untracked 
|  63|0x0000000089100000, 0x0000000089100000, 0x0000000089200000|  0%| F|  |TAMS 0x0000000089100000| PB 0x0000000089100000| Untracked 
|  64|0x0000000089200000, 0x0000000089200000, 0x0000000089300000|  0%| F|  |TAMS 0x0000000089200000| PB 0x0000000089200000| Untracked 
|  65|0x0000000089300000, 0x0000000089300000, 0x0000000089400000|  0%| F|  |TAMS 0x0000000089300000| PB 0x0000000089300000| Untracked 
|  66|0x0000000089400000, 0x0000000089400000, 0x0000000089500000|  0%| F|  |TAMS 0x0000000089400000| PB 0x0000000089400000| Untracked 
|  67|0x0000000089500000, 0x0000000089500000, 0x0000000089600000|  0%| F|  |TAMS 0x0000000089500000| PB 0x0000000089500000| Untracked 
|  68|0x0000000089600000, 0x0000000089600000, 0x0000000089700000|  0%| F|  |TAMS 0x0000000089600000| PB 0x0000000089600000| Untracked 
|  69|0x0000000089700000, 0x0000000089700000, 0x0000000089800000|  0%| F|  |TAMS 0x0000000089700000| PB 0x0000000089700000| Untracked 
|  70|0x0000000089800000, 0x0000000089800000, 0x0000000089900000|  0%| F|  |TAMS 0x0000000089800000| PB 0x0000000089800000| Untracked 
|  71|0x0000000089900000, 0x0000000089900000, 0x0000000089a00000|  0%| F|  |TAMS 0x0000000089900000| PB 0x0000000089900000| Untracked 
|  72|0x0000000089a00000, 0x0000000089a00000, 0x0000000089b00000|  0%| F|  |TAMS 0x0000000089a00000| PB 0x0000000089a00000| Untracked 
|  73|0x0000000089b00000, 0x0000000089b00000, 0x0000000089c00000|  0%| F|  |TAMS 0x0000000089b00000| PB 0x0000000089b00000| Untracked 
|  74|0x0000000089c00000, 0x0000000089c00000, 0x0000000089d00000|  0%| F|  |TAMS 0x0000000089c00000| PB 0x0000000089c00000| Untracked 
|  75|0x0000000089d00000, 0x0000000089d00000, 0x0000000089e00000|  0%| F|  |TAMS 0x0000000089d00000| PB 0x0000000089d00000| Untracked 
|  76|0x0000000089e00000, 0x0000000089e00000, 0x0000000089f00000|  0%| F|  |TAMS 0x0000000089e00000| PB 0x0000000089e00000| Untracked 
|  77|0x0000000089f00000, 0x0000000089f00000, 0x000000008a000000|  0%| F|  |TAMS 0x0000000089f00000| PB 0x0000000089f00000| Untracked 
|  78|0x000000008a000000, 0x000000008a000000, 0x000000008a100000|  0%| F|  |TAMS 0x000000008a000000| PB 0x000000008a000000| Untracked 
|  79|0x000000008a100000, 0x000000008a100000, 0x000000008a200000|  0%| F|  |TAMS 0x000000008a100000| PB 0x000000008a100000| Untracked 
|  80|0x000000008a200000, 0x000000008a200000, 0x000000008a300000|  0%| F|  |TAMS 0x000000008a200000| PB 0x000000008a200000| Untracked 
|  81|0x000000008a300000, 0x000000008a300000, 0x000000008a400000|  0%| F|  |TAMS 0x000000008a300000| PB 0x000000008a300000| Untracked 
|  82|0x000000008a400000, 0x000000008a400000, 0x000000008a500000|  0%| F|  |TAMS 0x000000008a400000| PB 0x000000008a400000| Untracked 
|  83|0x000000008a500000, 0x000000008a500000, 0x000000008a600000|  0%| F|  |TAMS 0x000000008a500000| PB 0x000000008a500000| Untracked 
|  84|0x000000008a600000, 0x000000008a600000, 0x000000008a700000|  0%| F|  |TAMS 0x000000008a600000| PB 0x000000008a600000| Untracked 
|  85|0x000000008a700000, 0x000000008a700000, 0x000000008a800000|  0%| F|  |TAMS 0x000000008a700000| PB 0x000000008a700000| Untracked 
|  86|0x000000008a800000, 0x000000008a800000, 0x000000008a900000|  0%| F|  |TAMS 0x000000008a800000| PB 0x000000008a800000| Untracked 
|  87|0x000000008a900000, 0x000000008a900000, 0x000000008aa00000|  0%| F|  |TAMS 0x000000008a900000| PB 0x000000008a900000| Untracked 
|  88|0x000000008aa00000, 0x000000008aa00000, 0x000000008ab00000|  0%| F|  |TAMS 0x000000008aa00000| PB 0x000000008aa00000| Untracked 
|  89|0x000000008ab00000, 0x000000008ab00000, 0x000000008ac00000|  0%| F|  |TAMS 0x000000008ab00000| PB 0x000000008ab00000| Untracked 
|  90|0x000000008ac00000, 0x000000008ac00000, 0x000000008ad00000|  0%| F|  |TAMS 0x000000008ac00000| PB 0x000000008ac00000| Untracked 
|  91|0x000000008ad00000, 0x000000008ad00000, 0x000000008ae00000|  0%| F|  |TAMS 0x000000008ad00000| PB 0x000000008ad00000| Untracked 
|  92|0x000000008ae00000, 0x000000008ae00000, 0x000000008af00000|  0%| F|  |TAMS 0x000000008ae00000| PB 0x000000008ae00000| Untracked 
|  93|0x000000008af00000, 0x000000008af00000, 0x000000008b000000|  0%| F|  |TAMS 0x000000008af00000| PB 0x000000008af00000| Untracked 
|  94|0x000000008b000000, 0x000000008b000000, 0x000000008b100000|  0%| F|  |TAMS 0x000000008b000000| PB 0x000000008b000000| Untracked 
|  95|0x000000008b100000, 0x000000008b100000, 0x000000008b200000|  0%| F|  |TAMS 0x000000008b100000| PB 0x000000008b100000| Untracked 
|  96|0x000000008b200000, 0x000000008b200000, 0x000000008b300000|  0%| F|  |TAMS 0x000000008b200000| PB 0x000000008b200000| Untracked 
|  97|0x000000008b300000, 0x000000008b300000, 0x000000008b400000|  0%| F|  |TAMS 0x000000008b300000| PB 0x000000008b300000| Untracked 
|  98|0x000000008b400000, 0x000000008b400000, 0x000000008b500000|  0%| F|  |TAMS 0x000000008b400000| PB 0x000000008b400000| Untracked 
|  99|0x000000008b500000, 0x000000008b500000, 0x000000008b600000|  0%| F|  |TAMS 0x000000008b500000| PB 0x000000008b500000| Untracked 
| 100|0x000000008b600000, 0x000000008b600000, 0x000000008b700000|  0%| F|  |TAMS 0x000000008b600000| PB 0x000000008b600000| Untracked 
| 101|0x000000008b700000, 0x000000008b700000, 0x000000008b800000|  0%| F|  |TAMS 0x000000008b700000| PB 0x000000008b700000| Untracked 
| 102|0x000000008b800000, 0x000000008b800000, 0x000000008b900000|  0%| F|  |TAMS 0x000000008b800000| PB 0x000000008b800000| Untracked 
| 103|0x000000008b900000, 0x000000008b900000, 0x000000008ba00000|  0%| F|  |TAMS 0x000000008b900000| PB 0x000000008b900000| Untracked 
| 104|0x000000008ba00000, 0x000000008ba00000, 0x000000008bb00000|  0%| F|  |TAMS 0x000000008ba00000| PB 0x000000008ba00000| Untracked 
| 105|0x000000008bb00000, 0x000000008bb00000, 0x000000008bc00000|  0%| F|  |TAMS 0x000000008bb00000| PB 0x000000008bb00000| Untracked 
| 106|0x000000008bc00000, 0x000000008bc00000, 0x000000008bd00000|  0%| F|  |TAMS 0x000000008bc00000| PB 0x000000008bc00000| Untracked 
| 107|0x000000008bd00000, 0x000000008bd00000, 0x000000008be00000|  0%| F|  |TAMS 0x000000008bd00000| PB 0x000000008bd00000| Untracked 
| 108|0x000000008be00000, 0x000000008be00000, 0x000000008bf00000|  0%| F|  |TAMS 0x000000008be00000| PB 0x000000008be00000| Untracked 
| 109|0x000000008bf00000, 0x000000008bf00000, 0x000000008c000000|  0%| F|  |TAMS 0x000000008bf00000| PB 0x000000008bf00000| Untracked 
| 110|0x000000008c000000, 0x000000008c000000, 0x000000008c100000|  0%| F|  |TAMS 0x000000008c000000| PB 0x000000008c000000| Untracked 
| 111|0x000000008c100000, 0x000000008c100000, 0x000000008c200000|  0%| F|  |TAMS 0x000000008c100000| PB 0x000000008c100000| Untracked 
| 112|0x000000008c200000, 0x000000008c200000, 0x000000008c300000|  0%| F|  |TAMS 0x000000008c200000| PB 0x000000008c200000| Untracked 
| 113|0x000000008c300000, 0x000000008c300000, 0x000000008c400000|  0%| F|  |TAMS 0x000000008c300000| PB 0x000000008c300000| Untracked 
| 114|0x000000008c400000, 0x000000008c400000, 0x000000008c500000|  0%| F|  |TAMS 0x000000008c400000| PB 0x000000008c400000| Untracked 
| 115|0x000000008c500000, 0x000000008c500000, 0x000000008c600000|  0%| F|  |TAMS 0x000000008c500000| PB 0x000000008c500000| Untracked 
| 116|0x000000008c600000, 0x000000008c600000, 0x000000008c700000|  0%| F|  |TAMS 0x000000008c600000| PB 0x000000008c600000| Untracked 
| 117|0x000000008c700000, 0x000000008c700000, 0x000000008c800000|  0%| F|  |TAMS 0x000000008c700000| PB 0x000000008c700000| Untracked 
| 118|0x000000008c800000, 0x000000008c800000, 0x000000008c900000|  0%| F|  |TAMS 0x000000008c800000| PB 0x000000008c800000| Untracked 
| 119|0x000000008c900000, 0x000000008c900000, 0x000000008ca00000|  0%| F|  |TAMS 0x000000008c900000| PB 0x000000008c900000| Untracked 
| 120|0x000000008ca00000, 0x000000008ca00000, 0x000000008cb00000|  0%| F|  |TAMS 0x000000008ca00000| PB 0x000000008ca00000| Untracked 
| 121|0x000000008cb00000, 0x000000008cb76448, 0x000000008cc00000| 46%| E|  |TAMS 0x000000008cb00000| PB 0x000000008cb00000| Complete 
| 122|0x000000008cc00000, 0x000000008cd00000, 0x000000008cd00000|100%| E|CS|TAMS 0x000000008cc00000| PB 0x000000008cc00000| Complete 
| 123|0x000000008cd00000, 0x000000008ce00000, 0x000000008ce00000|100%| E|CS|TAMS 0x000000008cd00000| PB 0x000000008cd00000| Complete 

Card table byte_map: [0x0000017aba6c0000,0x0000017abaaa0000] _byte_map_base: 0x0000017aba297000

Marking Bits: (CMBitMap*) 0x0000017aa2d0be40
 Bits: [0x0000017abae80000, 0x0000017abcd38000)

Polling page: 0x0000017aa2470000

Metaspace:

Usage:
  Non-class:    301.85 KB used.
      Class:     20.98 KB used.
       Both:    322.83 KB used.

Virtual space:
  Non-class space:       64.00 MB reserved,     384.00 KB ( <1%) committed,  1 nodes.
      Class space:        1.00 GB reserved,     128.00 KB ( <1%) committed,  1 nodes.
             Both:        1.06 GB reserved,     512.00 KB ( <1%) committed. 

Chunk freelists:
   Non-Class:  4.00 MB
       Class:  3.75 MB
        Both:  7.74 MB

MaxMetaspaceSize: unlimited
CompressedClassSpaceSize: 1.00 GB
Initial GC threshold: 21.00 MB
Current GC threshold: 21.00 MB
CDS: on
MetaspaceReclaimPolicy: balanced
 - commit_granule_bytes: 65536.
 - commit_granule_words: 8192.
 - virtual_space_node_default_size: 8388608.
 - enlarge_chunks_in_place: 1.
 - new_chunks_are_fully_committed: 0.
 - uncommit_free_chunks: 1.
 - use_allocation_guard: 0.


Internal statistics:

num_allocs_failed_limit: 0.
num_arena_births: 6.
num_arena_deaths: 0.
num_vsnodes_births: 2.
num_vsnodes_deaths: 0.
num_space_committed: 8.
num_space_uncommitted: 0.
num_chunks_returned_to_freelist: 0.
num_chunks_taken_from_freelist: 7.
num_chunk_merges: 0.
num_chunk_splits: 4.
num_chunks_enlarged: 2.
num_inconsistent_stats: 0.

CodeHeap 'non-profiled nmethods': size=120000Kb used=59Kb max_used=59Kb free=119940Kb
 bounds [0x0000017ab2850000, 0x0000017ab2ac0000, 0x0000017ab9d80000]
CodeHeap 'profiled nmethods': size=120000Kb used=193Kb max_used=193Kb free=119806Kb
 bounds [0x0000017aaad80000, 0x0000017aaaff0000, 0x0000017ab22b0000]
CodeHeap 'non-nmethods': size=5760Kb used=1323Kb max_used=1330Kb free=4436Kb
 bounds [0x0000017ab22b0000, 0x0000017ab2520000, 0x0000017ab2850000]
 total_blobs=569 nmethods=189 adapters=291
 compilation: enabled
              stopped_count=0, restarted_count=0
 full_count=0

Compilation events (20 events):
Event: 0.080 Thread 0x0000017abf9b3930 nmethod 153 0x0000017ab285bc90 code [0x0000017ab285be00, 0x0000017ab285bec8]
Event: 0.080 Thread 0x0000017abf9b3930  154       1       java.util.HashMap$Node::getValue (5 bytes)
Event: 0.080 Thread 0x0000017abf9b3930 nmethod 154 0x0000017ab285bf90 code [0x0000017ab285c100, 0x0000017ab285c1c8]
Event: 0.081 Thread 0x0000017abf9b3930  157       1       java.lang.module.ModuleDescriptor::uses (5 bytes)
Event: 0.081 Thread 0x0000017abf9b3930 nmethod 157 0x0000017ab285c290 code [0x0000017ab285c400, 0x0000017ab285c4c8]
Event: 0.081 Thread 0x0000017abf9b3930  158       3       java.util.AbstractSet::<init> (5 bytes)
Event: 0.081 Thread 0x0000017abf9b3930 nmethod 158 0x0000017aaada9a10 code [0x0000017aaada9ba0, 0x0000017aaada9d68]
Event: 0.081 Thread 0x0000017abf9b3930  159       3       java.lang.String::<init> (15 bytes)
Event: 0.082 Thread 0x0000017abf993730 nmethod 156 0x0000017ab285c590 code [0x0000017ab285c700, 0x0000017ab285c7d0]
Event: 0.082 Thread 0x0000017abf993730  160       4       java.util.HashMap::putVal (300 bytes)
Event: 0.088 Thread 0x0000017abf9b3930 nmethod 159 0x0000017aaada9e90 code [0x0000017aaadaa020, 0x0000017aaadaa1e0]
Event: 0.088 Thread 0x0000017abf9b3930  161       3       java.util.HashMap::keySet (25 bytes)
Event: 0.088 Thread 0x0000017abf9b3930 nmethod 161 0x0000017aaadaa290 code [0x0000017aaadaa440, 0x0000017aaadaa820]
Event: 0.088 Thread 0x0000017abf9b3930  162       3       java.util.HashMap$KeySet::iterator (12 bytes)
Event: 0.088 Thread 0x0000017abf9b3930 nmethod 162 0x0000017aaadaa990 code [0x0000017aaadaab20, 0x0000017aaadaad28]
Event: 0.088 Thread 0x0000017abf9b3930  163       3       java.util.HashMap$KeyIterator::<init> (6 bytes)
Event: 0.088 Thread 0x0000017abf9b3930 nmethod 163 0x0000017aaadaae10 code [0x0000017aaadaafa0, 0x0000017aaadab0d8]
Event: 0.088 Thread 0x0000017abf9b3930  165       3       java.util.HashSet::iterator (13 bytes)
Event: 0.088 Thread 0x0000017abf9b3930 nmethod 165 0x0000017aaadab190 code [0x0000017aaadab340, 0x0000017aaadab5c8]
Event: 0.089 Thread 0x0000017abf9b3930  167       1       java.util.KeyValueHolder::getKey (5 bytes)

GC Heap History (0 events):
No events

Dll operation events (4 events):
Event: 0.006 Loaded shared library C:\Program Files\Java\jdk-20\bin\java.dll
Event: 0.027 Loaded shared library C:\Program Files\Java\jdk-20\bin\jsvml.dll
Event: 0.067 Loaded shared library C:\Program Files\Java\jdk-20\bin\net.dll
Event: 0.068 Loaded shared library C:\Program Files\Java\jdk-20\bin\nio.dll

Deoptimization events (0 events):
No events

Classes loaded (20 events):
Event: 0.069 Loading class java/nio/file/DirectoryStream done
Event: 0.069 Loading class sun/nio/fs/WindowsDirectoryStream done
Event: 0.069 Loading class sun/nio/fs/WindowsDirectoryStream$WindowsDirectoryIterator
Event: 0.069 Loading class sun/nio/fs/WindowsDirectoryStream$WindowsDirectoryIterator done
Event: 0.070 Loading class sun/nio/fs/WindowsPath$WindowsPathWithAttributes
Event: 0.070 Loading class sun/nio/fs/BasicFileAttributesHolder
Event: 0.070 Loading class sun/nio/fs/BasicFileAttributesHolder done
Event: 0.070 Loading class sun/nio/fs/WindowsPath$WindowsPathWithAttributes done
Event: 0.070 Loading class java/nio/file/attribute/FileAttribute
Event: 0.070 Loading class java/nio/file/attribute/FileAttribute done
Event: 0.070 Loading class sun/nio/fs/WindowsSecurityDescriptor
Event: 0.070 Loading class sun/nio/fs/WindowsSecurityDescriptor done
Event: 0.070 Loading class sun/nio/fs/WindowsChannelFactory
Event: 0.070 Loading class sun/nio/fs/WindowsChannelFactory done
Event: 0.070 Loading class sun/nio/fs/WindowsChannelFactory$1
Event: 0.070 Loading class sun/nio/fs/WindowsChannelFactory$1 done
Event: 0.070 Loading class sun/nio/fs/WindowsChannelFactory$Flags
Event: 0.070 Loading class sun/nio/fs/WindowsChannelFactory$Flags done
Event: 0.071 Loading class jdk/internal/module/ModuleReferenceImpl$CachedHash
Event: 0.071 Loading class jdk/internal/module/ModuleReferenceImpl$CachedHash done

Classes unloaded (0 events):
No events

Classes redefined (0 events):
No events

Internal exceptions (2 events):
Event: 0.069 Thread 0x0000017aa2cab280 Exception <a 'sun/nio/fs/WindowsException'{0x000000008cc44430}> (0x000000008cc44430) 
thrown [s\open\src\hotspot\share\prims\jni.cpp, line 519]
Event: 0.070 Thread 0x0000017aa2cab280 Exception <a 'sun/nio/fs/WindowsException'{0x000000008cc46b98}> (0x000000008cc46b98) 
thrown [s\open\src\hotspot\share\prims\jni.cpp, line 519]

VM Operations (2 events):
Event: 0.071 Executing VM operation: HandshakeAllThreads
Event: 0.071 Executing VM operation: HandshakeAllThreads done

Events (10 events):
Event: 0.027 Thread 0x0000017aa2cab280 Thread added: 0x0000017aa2cab280
Event: 0.038 Thread 0x0000017abf988a10 Thread added: 0x0000017abf988a10
Event: 0.038 Thread 0x0000017abf989850 Thread added: 0x0000017abf989850
Event: 0.038 Thread 0x0000017abf98af80 Thread added: 0x0000017abf98af80
Event: 0.038 Thread 0x0000017abf98e220 Thread added: 0x0000017abf98e220
Event: 0.038 Thread 0x0000017abf98ec90 Thread added: 0x0000017abf98ec90
Event: 0.038 Thread 0x0000017abf991750 Thread added: 0x0000017abf991750
Event: 0.039 Thread 0x0000017abf993730 Thread added: 0x0000017abf993730
Event: 0.039 Thread 0x0000017abf9b3930 Thread added: 0x0000017abf9b3930
Event: 0.057 Thread 0x0000017abf954ce0 Thread added: 0x0000017abf954ce0


Dynamic libraries:
0x00007ff7a31d0000 - 0x00007ff7a31e0000 	C:\Program Files\Java\jdk-20\bin\java.exe
0x00007ffe102f0000 - 0x00007ffe10507000 	C:\WINDOWS\SYSTEM32\ntdll.dll
0x00007ffe0ec40000 - 0x00007ffe0ed04000 	C:\WINDOWS\System32\KERNEL32.DLL
0x00007ffe0d610000 - 0x00007ffe0d9b7000 	C:\WINDOWS\System32\KERNELBASE.dll
0x00007ffe0dcf0000 - 0x00007ffe0de01000 	C:\WINDOWS\System32\ucrtbase.dll
0x00007ffde93e0000 - 0x00007ffde93fb000 	C:\Program Files\Java\jdk-20\bin\VCRUNTIME140.dll
0x00007ffdeafc0000 - 0x00007ffdeafd9000 	C:\Program Files\Java\jdk-20\bin\jli.dll
0x00007ffe0e380000 - 0x00007ffe0e432000 	C:\WINDOWS\System32\ADVAPI32.dll
0x00007ffe10160000 - 0x00007ffe10207000 	C:\WINDOWS\System32\msvcrt.dll
0x00007ffe0e1e0000 - 0x00007ffe0e288000 	C:\WINDOWS\System32\sechost.dll
0x00007ffe0daf0000 - 0x00007ffe0db18000 	C:\WINDOWS\System32\bcrypt.dll
0x00007ffe0e020000 - 0x00007ffe0e135000 	C:\WINDOWS\System32\RPCRT4.dll
0x00007ffe0ee80000 - 0x00007ffe0f02e000 	C:\WINDOWS\System32\USER32.dll
0x00007ffe0dba0000 - 0x00007ffe0dbc6000 	C:\WINDOWS\System32\win32u.dll
0x00007ffe0e440000 - 0x00007ffe0e469000 	C:\WINDOWS\System32\GDI32.dll
0x00007ffe0dbd0000 - 0x00007ffe0dce9000 	C:\WINDOWS\System32\gdi32full.dll
0x00007ffe0de10000 - 0x00007ffe0deaa000 	C:\WINDOWS\System32\msvcp_win.dll
0x00007ffdf1210000 - 0x00007ffdf14a3000 	C:\WINDOWS\WinSxS\amd64_microsoft.windows.common-controls_6595b64144ccf1df_6.0.22621.3527_none_270e469b73872a76\COMCTL32.dll
0x00007ffdfe9f0000 - 0x00007ffdfe9fa000 	C:\WINDOWS\SYSTEM32\VERSION.dll
0x00007ffe10270000 - 0x00007ffe102a1000 	C:\WINDOWS\System32\IMM32.DLL
0x00007ffde93d0000 - 0x00007ffde93dc000 	C:\Program Files\Java\jdk-20\bin\vcruntime140_1.dll
0x00007ffd74380000 - 0x00007ffd7440e000 	C:\Program Files\Java\jdk-20\bin\msvcp140.dll
0x00007ffd52540000 - 0x00007ffd531d8000 	C:\Program Files\Java\jdk-20\bin\server\jvm.dll
0x00007ffe05e80000 - 0x00007ffe05e89000 	C:\WINDOWS\SYSTEM32\WSOCK32.dll
0x00007ffe0ee00000 - 0x00007ffe0ee71000 	C:\WINDOWS\System32\WS2_32.dll
0x00007ffe018f0000 - 0x00007ffe01924000 	C:\WINDOWS\SYSTEM32\WINMM.dll
0x00007ffe0c5f0000 - 0x00007ffe0c608000 	C:\WINDOWS\SYSTEM32\kernel.appcore.dll
0x00007ffde93c0000 - 0x00007ffde93ca000 	C:\Program Files\Java\jdk-20\bin\jimage.dll
0x00007ffe0aef0000 - 0x00007ffe0b122000 	C:\WINDOWS\SYSTEM32\DBGHELP.DLL
0x00007ffe0f030000 - 0x00007ffe0f3b8000 	C:\WINDOWS\System32\combase.dll
0x00007ffe0ed20000 - 0x00007ffe0edf7000 	C:\WINDOWS\System32\OLEAUT32.dll
0x00007ffde8ae0000 - 0x00007ffde8b12000 	C:\WINDOWS\SYSTEM32\dbgcore.DLL
0x00007ffe0db20000 - 0x00007ffe0db99000 	C:\WINDOWS\System32\bcryptPrimitives.dll
0x00007ffdd23e0000 - 0x00007ffdd2406000 	C:\Program Files\Java\jdk-20\bin\java.dll
0x00007ffd5d4d0000 - 0x00007ffd5d5a7000 	C:\Program Files\Java\jdk-20\bin\jsvml.dll
0x00007ffe0f3c0000 - 0x00007ffe0fc1c000 	C:\WINDOWS\System32\SHELL32.dll
0x00007ffe0b500000 - 0x00007ffe0bdf6000 	C:\WINDOWS\SYSTEM32\windows.storage.dll
0x00007ffe0b3c0000 - 0x00007ffe0b4fe000 	C:\WINDOWS\SYSTEM32\wintypes.dll
0x00007ffe0fc20000 - 0x00007ffe0fd15000 	C:\WINDOWS\System32\SHCORE.dll
0x00007ffe10210000 - 0x00007ffe1026e000 	C:\WINDOWS\System32\shlwapi.dll
0x00007ffe0d540000 - 0x00007ffe0d561000 	C:\WINDOWS\SYSTEM32\profapi.dll
0x00007ffde10d0000 - 0x00007ffde10e3000 	C:\Program Files\Java\jdk-20\bin\net.dll
0x00007ffe05d40000 - 0x00007ffe05e76000 	C:\WINDOWS\SYSTEM32\WINHTTP.dll
0x00007ffe0ca60000 - 0x00007ffe0cac9000 	C:\WINDOWS\system32\mswsock.dll
0x00007ffdd92f0000 - 0x00007ffdd9306000 	C:\Program Files\Java\jdk-20\bin\nio.dll

dbghelp: loaded successfully - version: 4.0.5 - missing functions: none
symbol engine: initialized successfully - sym options: 0x614 - pdb path: .;C:\Program Files\Java\jdk-20\bin;C:\WINDOWS\SYSTEM32;C:\WINDOWS\WinSxS\amd64_microsoft.windows.common-controls_6595b64144ccf1df_6.0.22621.3527_none_270e469b73872a76;C:\Program Files\Java\jdk-20\bin\server

VM Arguments:
jvm_args: -Dfile.encoding=UTF-8 --module-path=C:\Users\91830\OneDrive\Documents\NetBeansProjects\AirlineManagementSystem\build\classes 
java_command: airlinemanagementsystem.BookFlight
java_class_path (initial): C:\Users\91830\Downloads\mysql-connector.jar;C:\Users\91830\Downloads\mysql-connector-java-8.0.28.jar;C:\Users\91830\Downloads\rs2xml.jar;C:\Users\91830\OneDrive\Documents\NetBeansProjects\AirlineManagementSystem\build\classes
Launcher Type: SUN_STANDARD

[Global flags]
     intx CICompilerCount                          = 4                                         {product} {ergonomic}
     uint ConcGCThreads                            = 3                                         {product} {ergonomic}
     uint G1ConcRefinementThreads                  = 10                                        {product} {ergonomic}
   size_t G1HeapRegionSize                         = 1048576                                   {product} {ergonomic}
    uintx GCDrainStackTargetSize                   = 64                                        {product} {ergonomic}
   size_t InitialHeapSize                          = 130023424                                 {product} {ergonomic}
   size_t MarkStackSize                            = 4194304                                   {product} {ergonomic}
   size_t MaxHeapSize                              = 2061500416                                {product} {ergonomic}
   size_t MaxNewSize                               = 1236271104                                {product} {ergonomic}
   size_t MinHeapDeltaBytes                        = 1048576                                   {product} {ergonomic}
   size_t MinHeapSize                              = 8388608                                   {product} {ergonomic}
    uintx NonNMethodCodeHeapSize                   = 5839372                                {pd product} {ergonomic}
    uintx NonProfiledCodeHeapSize                  = 122909434                              {pd product} {ergonomic}
    uintx ProfiledCodeHeapSize                     = 122909434                              {pd product} {ergonomic}
    uintx ReservedCodeCacheSize                    = 251658240                              {pd product} {ergonomic}
     bool SegmentedCodeCache                       = true                                      {product} {ergonomic}
   size_t SoftMaxHeapSize                          = 2061500416                             {manageable} {ergonomic}
     bool UseCompressedClassPointers               = true                           {product lp64_product} {ergonomic}
     bool UseCompressedOops                        = true                           {product lp64_product} {ergonomic}
     bool UseG1GC                                  = true                                      {product} {ergonomic}
     bool UseLargePagesIndividualAllocation        = false                                  {pd product} {ergonomic}

Logging:
Log output configuration:
 #0: stdout all=warning uptime,level,tags foldmultilines=false
 #1: stderr all=off uptime,level,tags foldmultilines=false

Environment Variables:
JAVA_HOME=C:\Program Files\Java\jdk-20
PATH=C:\Program Files\Common Files\Oracle\Java\javapath;C:\WINDOWS\system32;C:\WINDOWS;C:\WINDOWS\System32\Wbem;C:\WINDOWS\System32\WindowsPowerShell\v1.0\;C:\WINDOWS\System32\OpenSSH\;C:\Program Files\Git\cmd;C:\Program Files\nodejs\;C:\Program Files\PowerShell\7\;C:\Users\91830\AppData\Local\Programs\Python\Python311\Scripts\;C:\Users\91830\AppData\Local\Programs\Python\Python311\;C:\Users\91830\AppData\Local\Microsoft\WindowsApps;C:\Users\91830\AppData\Local\Programs\Microsoft VS Code\bin;C:\MinGW\bin;C:\Program Files\Java\jdk-17\bin;C:\Program Files\Java\jdk-20\bin;C:\Program Files\Common Files\Oracle\Java\javapath;C:\Users\91830\AppData\Roaming\npm;C:\Program Files\JetBrains\IntelliJ IDEA Community Edition 2023.2.2\bin;
USERNAME=Anurag Pal
OS=Windows_NT
PROCESSOR_IDENTIFIER=Intel64 Family 6 Model 154 Stepping 4, GenuineIntel
TMP=C:\Users\91830\AppData\Local\Temp
TEMP=C:\Users\91830\AppData\Local\Temp




---------------  S Y S T E M  ---------------

OS:
 Windows 11 , 64 bit Build 22621 (10.0.22621.3527)
OS uptime: 0 days 10:27 hours
Hyper-V role detected

CPU: total 12 (initial active 12) (6 cores per cpu, 2 threads per core) family 6 model 154 stepping 4 microcode 0x42c, cx8, cmov, fxsr, ht, mmx, 3dnowpref, sse, sse2, sse3, ssse3, sse4.1, sse4.2, popcnt, lzcnt, tsc, tscinvbit, avx, avx2, aes, erms, clmul, bmi1, bmi2, adx, sha, fma, vzeroupper, clflush, clflushopt, clwb, hv, serialize, rdtscp, rdpid, fsrm, f16c, cet_ibt, cet_ss

Memory: 4k page, system-wide physical 7863M (512M free)
TotalPageFile size 32439M (AvailPageFile size 3M)
current process WorkingSet (physical memory assigned to process): 36M, peak: 36M
current process commit charge ("private bytes"): 209M, peak: 209M

vm_info: Java HotSpot(TM) 64-Bit Server VM (20.0.2+9-78) for windows-amd64 JRE (20.0.2+9-78), built on 2023-06-14T10:08:48Z by "mach5one" with MS VC++ 17.1 (VS2022)

END.
