#
# There is insufficient memory for the Java Runtime Environment to continue.
# Native memory allocation (malloc) failed to allocate 1167600 bytes for Chunk::new
# Possible reasons:
#   The system is out of physical RAM or swap space
#   The process is running with CompressedOops enabled, and the Java Heap may be blocking the growth of the native heap
# Possible solutions:
#   Reduce memory load on the system
#   Increase physical memory or swap space
#   Check if swap backing store is full
#   Decrease Java heap size (-Xmx/-Xms)
#   Decrease number of Java threads
#   Decrease Java thread stack sizes (-Xss)
#   Set larger code cache with -XX:ReservedCodeCacheSize=
#   JVM is running with Unscaled Compressed Oops mode in which the Java heap is
#     placed in the first 4GB address space. The Java Heap base address is the
#     maximum limit for the native heap growth. Please use -XX:HeapBaseMinAddress
#     to set the Java Heap base and to place the Java Heap above 4GB virtual address.
# This output file may be truncated or incomplete.
#
#  Out of Memory Error (arena.cpp:184), pid=29752, tid=16304
#
# JRE version: Java(TM) SE Runtime Environment (20.0.2+9) (build 20.0.2+9-78)
# Java VM: Java HotSpot(TM) 64-Bit Server VM (20.0.2+9-78, mixed mode, sharing, tiered, compressed oops, compressed class ptrs, g1 gc, windows-amd64)
# No core dump will be written. Minidumps are not enabled by default on client versions of Windows
#

---------------  S U M M A R Y ------------

Command Line: -Dfile.encoding=UTF-8 --module-path=C:\Users\91830\OneDrive\Documents\NetBeansProjects\AirlineManagementSystem\build\classes airlinemanagementsystem.BookFlight

Host: 12th Gen Intel(R) Core(TM) i5-1235U, 12 cores, 7G,  Windows 11 , 64 bit Build 22621 (10.0.22621.3527)
Time: Fri May 31 00:16:29 2024 India Standard Time elapsed time: 1.000135 seconds (0d 0h 0m 1s)

---------------  T H R E A D  ---------------

Current thread (0x000002e68fe91070):  JavaThread "C2 CompilerThread1" daemon [_thread_in_native, id=16304, stack(0x000000f0c9900000,0x000000f0c9a00000)]


Current CompileTask:
C2:   1000 1284       4       sun.security.ec.ECOperations::setDouble (463 bytes)

Stack: [0x000000f0c9900000,0x000000f0c9a00000]
Native frames: (J=compiled Java code, j=interpreted, Vv=VM code, C=native code)
V  [jvm.dll+0x6bc25a]
V  [jvm.dll+0x84971a]
V  [jvm.dll+0x84b315]
V  [jvm.dll+0x84ba13]
V  [jvm.dll+0x280e4f]
V  [jvm.dll+0xc2ab1]
V  [jvm.dll+0xc2dd5]
V  [jvm.dll+0x3bb64c]
V  [jvm.dll+0x1e7109]
V  [jvm.dll+0x24b67b]
V  [jvm.dll+0x24a921]
V  [jvm.dll+0x1ce761]
V  [jvm.dll+0x25a0eb]
V  [jvm.dll+0x2587c0]
V  [jvm.dll+0x3f2dd5]
V  [jvm.dll+0x7f5c76]
V  [jvm.dll+0x6baecb]
C  [ucrtbase.dll+0x29333]
C  [KERNEL32.DLL+0x1257d]
C  [ntdll.dll+0x5aa48]


---------------  P R O C E S S  ---------------

Threads class SMR info:
_java_thread_list=0x000002e68fe87ff0, length=19, elements={
0x000002e62b69cec0, 0x000002e64a2ecc50, 0x000002e64a2ed850, 0x000002e64a2ef910,
0x000002e64a2f1390, 0x000002e64a2f2ce0, 0x000002e64a2f3620, 0x000002e64a2fccd0,
0x000002e64a3212d0, 0x000002e68f5ee2c0, 0x000002e68f70b950, 0x000002e68f880de0,
0x000002e68f884620, 0x000002e68f88cd90, 0x000002e68f8b3170, 0x000002e68f8cd7c0,
0x000002e68fe24f00, 0x000002e68fe91070, 0x000002e6916acdc0
}

Java Threads: ( => current thread )
  0x000002e62b69cec0 JavaThread "main" [_thread_in_native, id=19676, stack(0x000000f0c8100000,0x000000f0c8200000)]
  0x000002e64a2ecc50 JavaThread "Reference Handler" daemon [_thread_blocked, id=31864, stack(0x000000f0c8800000,0x000000f0c8900000)]
  0x000002e64a2ed850 JavaThread "Finalizer" daemon [_thread_blocked, id=6848, stack(0x000000f0c8900000,0x000000f0c8a00000)]
  0x000002e64a2ef910 JavaThread "Signal Dispatcher" daemon [_thread_blocked, id=30200, stack(0x000000f0c8a00000,0x000000f0c8b00000)]
  0x000002e64a2f1390 JavaThread "Attach Listener" daemon [_thread_blocked, id=11564, stack(0x000000f0c8b00000,0x000000f0c8c00000)]
  0x000002e64a2f2ce0 JavaThread "Service Thread" daemon [_thread_blocked, id=23848, stack(0x000000f0c8c00000,0x000000f0c8d00000)]
  0x000002e64a2f3620 JavaThread "Monitor Deflation Thread" daemon [_thread_blocked, id=32548, stack(0x000000f0c8d00000,0x000000f0c8e00000)]
  0x000002e64a2fccd0 JavaThread "C2 CompilerThread0" daemon [_thread_blocked, id=17292, stack(0x000000f0c8e00000,0x000000f0c8f00000)]
  0x000002e64a3212d0 JavaThread "C1 CompilerThread0" daemon [_thread_blocked, id=31792, stack(0x000000f0c8f00000,0x000000f0c9000000)]
  0x000002e68f5ee2c0 JavaThread "Common-Cleaner" daemon [_thread_blocked, id=21652, stack(0x000000f0c9000000,0x000000f0c9100000)]
  0x000002e68f70b950 JavaThread "Notification Thread" daemon [_thread_blocked, id=3552, stack(0x000000f0c9100000,0x000000f0c9200000)]
  0x000002e68f880de0 JavaThread "Java2D Disposer" daemon [_thread_blocked, id=29240, stack(0x000000f0c9300000,0x000000f0c9400000)]
  0x000002e68f884620 JavaThread "AWT-Shutdown" [_thread_blocked, id=11712, stack(0x000000f0c9400000,0x000000f0c9500000)]
  0x000002e68f88cd90 JavaThread "AWT-Windows" daemon [_thread_in_vm, id=20488, stack(0x000000f0c9500000,0x000000f0c9600000)]
  0x000002e68f8b3170 JavaThread "EventQueueMonitor-ComponentEvtDispatch" daemon [_thread_blocked, id=29964, stack(0x000000f0c9600000,0x000000f0c9700000)]
  0x000002e68f8cd7c0 JavaThread "Thread-1" daemon [_thread_in_native, id=21024, stack(0x000000f0c9700000,0x000000f0c9800000)]
  0x000002e68fe24f00 JavaThread "mysql-cj-abandoned-connection-cleanup" daemon [_thread_blocked, id=3576, stack(0x000000f0c9800000,0x000000f0c9900000)]
=>0x000002e68fe91070 JavaThread "C2 CompilerThread1" daemon [_thread_in_native, id=16304, stack(0x000000f0c9900000,0x000000f0c9a00000)]
  0x000002e6916acdc0 JavaThread "AWT-EventQueue-0" [_thread_blocked, id=13420, stack(0x000000f0c9a00000,0x000000f0c9b00000)]

Other Threads:
  0x000002e64a2cff90 VMThread "VM Thread" [stack: 0x000000f0c8700000,0x000000f0c8800000] [id=28216]
  0x000002e68f74a1c0 WatcherThread "VM Periodic Task Thread" [stack: 0x000000f0c9200000,0x000000f0c9300000] [id=30840]
  0x000002e62b6fcfe0 WorkerThread "GC Thread#0" [stack: 0x000000f0c8200000,0x000000f0c8300000] [id=21516]
  0x000002e62b70d4b0 ConcurrentGCThread "G1 Main Marker" [stack: 0x000000f0c8300000,0x000000f0c8400000] [id=16196]
  0x000002e62b70dee0 WorkerThread "G1 Conc#0" [stack: 0x000000f0c8400000,0x000000f0c8500000] [id=21392]
  0x000002e64a18c520 ConcurrentGCThread "G1 Refine#0" [stack: 0x000000f0c8500000,0x000000f0c8600000] [id=17344]
  0x000002e64a18dde0 ConcurrentGCThread "G1 Service" [stack: 0x000000f0c8600000,0x000000f0c8700000] [id=19584]

Threads with active compile tasks:
C2 CompilerThread1     1018 1284       4       sun.security.ec.ECOperations::setDouble (463 bytes)

VM state: not at safepoint (normal execution)

VM Mutex/Monitor currently owned by a thread: None

Heap address: 0x0000000085200000, size: 1966 MB, Compressed Oops mode: 32-bit

CDS archive(s) mapped at: [0x000002e64a400000-0x000002e64b060000-0x000002e64b060000), size 12976128, SharedBaseAddress: 0x000002e64a400000, ArchiveRelocationMode: 1.
Compressed class space mapped at: 0x000002e64b400000-0x000002e68b400000, reserved size: 1073741824
Narrow klass base: 0x000002e64a400000, Narrow klass shift: 0, Narrow klass range: 0x100000000

GC Precious Log:
 CardTable entry size: 512
 Card Set container configuration: InlinePtr #cards 5 size 8 Array Of Cards #cards 12 size 40 Howl #buckets 4 coarsen threshold 1843 Howl Bitmap #cards 512 size 80 coarsen threshold 460 Card regions per heap region 1 cards per card region 2048
 CPUs: 12 total, 12 available
 Memory: 7863M
 Large Page Support: Disabled
 NUMA Support: Disabled
 Compressed Oops: Enabled (32-bit)
 Heap Region Size: 1M
 Heap Min Capacity: 8M
 Heap Initial Capacity: 124M
 Heap Max Capacity: 1966M
 Pre-touch: Disabled
 Parallel Workers: 10
 Concurrent Workers: 3
 Concurrent Refinement Workers: 10
 Periodic GC: Disabled

Heap:
 garbage-first heap   total 126976K, used 19456K [0x0000000085200000, 0x0000000100000000)
  region size 1024K, 21 young (21504K), 0 survivors (0K)
 Metaspace       used 15796K, committed 16064K, reserved 1114112K
  class space    used 1752K, committed 1856K, reserved 1048576K

Heap Regions: E=young(eden), S=young(survivor), O=old, HS=humongous(starts), HC=humongous(continues), CS=collection set, F=free, OA=open archive, CA=closed archive, TAMS=top-at-mark-start, PB=parsable bottom
|   0|0x0000000085200000, 0x0000000085200000, 0x0000000085300000|  0%| F|  |TAMS 0x0000000085200000| PB 0x0000000085200000| Untracked 
|   1|0x0000000085300000, 0x0000000085300000, 0x0000000085400000|  0%| F|  |TAMS 0x0000000085300000| PB 0x0000000085300000| Untracked 
|   2|0x0000000085400000, 0x0000000085400000, 0x0000000085500000|  0%| F|  |TAMS 0x0000000085400000| PB 0x0000000085400000| Untracked 
|   3|0x0000000085500000, 0x0000000085500000, 0x0000000085600000|  0%| F|  |TAMS 0x0000000085500000| PB 0x0000000085500000| Untracked 
|   4|0x0000000085600000, 0x0000000085600000, 0x0000000085700000|  0%| F|  |TAMS 0x0000000085600000| PB 0x0000000085600000| Untracked 
|   5|0x0000000085700000, 0x0000000085700000, 0x0000000085800000|  0%| F|  |TAMS 0x0000000085700000| PB 0x0000000085700000| Untracked 
|   6|0x0000000085800000, 0x0000000085800000, 0x0000000085900000|  0%| F|  |TAMS 0x0000000085800000| PB 0x0000000085800000| Untracked 
|   7|0x0000000085900000, 0x0000000085900000, 0x0000000085a00000|  0%| F|  |TAMS 0x0000000085900000| PB 0x0000000085900000| Untracked 
|   8|0x0000000085a00000, 0x0000000085a00000, 0x0000000085b00000|  0%| F|  |TAMS 0x0000000085a00000| PB 0x0000000085a00000| Untracked 
|   9|0x0000000085b00000, 0x0000000085b00000, 0x0000000085c00000|  0%| F|  |TAMS 0x0000000085b00000| PB 0x0000000085b00000| Untracked 
|  10|0x0000000085c00000, 0x0000000085c00000, 0x0000000085d00000|  0%| F|  |TAMS 0x0000000085c00000| PB 0x0000000085c00000| Untracked 
|  11|0x0000000085d00000, 0x0000000085d00000, 0x0000000085e00000|  0%| F|  |TAMS 0x0000000085d00000| PB 0x0000000085d00000| Untracked 
|  12|0x0000000085e00000, 0x0000000085e00000, 0x0000000085f00000|  0%| F|  |TAMS 0x0000000085e00000| PB 0x0000000085e00000| Untracked 
|  13|0x0000000085f00000, 0x0000000085f00000, 0x0000000086000000|  0%| F|  |TAMS 0x0000000085f00000| PB 0x0000000085f00000| Untracked 
|  14|0x0000000086000000, 0x0000000086000000, 0x0000000086100000|  0%| F|  |TAMS 0x0000000086000000| PB 0x0000000086000000| Untracked 
|  15|0x0000000086100000, 0x0000000086100000, 0x0000000086200000|  0%| F|  |TAMS 0x0000000086100000| PB 0x0000000086100000| Untracked 
|  16|0x0000000086200000, 0x0000000086200000, 0x0000000086300000|  0%| F|  |TAMS 0x0000000086200000| PB 0x0000000086200000| Untracked 
|  17|0x0000000086300000, 0x0000000086300000, 0x0000000086400000|  0%| F|  |TAMS 0x0000000086300000| PB 0x0000000086300000| Untracked 
|  18|0x0000000086400000, 0x0000000086400000, 0x0000000086500000|  0%| F|  |TAMS 0x0000000086400000| PB 0x0000000086400000| Untracked 
|  19|0x0000000086500000, 0x0000000086500000, 0x0000000086600000|  0%| F|  |TAMS 0x0000000086500000| PB 0x0000000086500000| Untracked 
|  20|0x0000000086600000, 0x0000000086600000, 0x0000000086700000|  0%| F|  |TAMS 0x0000000086600000| PB 0x0000000086600000| Untracked 
|  21|0x0000000086700000, 0x0000000086700000, 0x0000000086800000|  0%| F|  |TAMS 0x0000000086700000| PB 0x0000000086700000| Untracked 
|  22|0x0000000086800000, 0x0000000086800000, 0x0000000086900000|  0%| F|  |TAMS 0x0000000086800000| PB 0x0000000086800000| Untracked 
|  23|0x0000000086900000, 0x0000000086900000, 0x0000000086a00000|  0%| F|  |TAMS 0x0000000086900000| PB 0x0000000086900000| Untracked 
|  24|0x0000000086a00000, 0x0000000086a00000, 0x0000000086b00000|  0%| F|  |TAMS 0x0000000086a00000| PB 0x0000000086a00000| Untracked 
|  25|0x0000000086b00000, 0x0000000086b00000, 0x0000000086c00000|  0%| F|  |TAMS 0x0000000086b00000| PB 0x0000000086b00000| Untracked 
|  26|0x0000000086c00000, 0x0000000086c00000, 0x0000000086d00000|  0%| F|  |TAMS 0x0000000086c00000| PB 0x0000000086c00000| Untracked 
|  27|0x0000000086d00000, 0x0000000086d00000, 0x0000000086e00000|  0%| F|  |TAMS 0x0000000086d00000| PB 0x0000000086d00000| Untracked 
|  28|0x0000000086e00000, 0x0000000086e00000, 0x0000000086f00000|  0%| F|  |TAMS 0x0000000086e00000| PB 0x0000000086e00000| Untracked 
|  29|0x0000000086f00000, 0x0000000086f00000, 0x0000000087000000|  0%| F|  |TAMS 0x0000000086f00000| PB 0x0000000086f00000| Untracked 
|  30|0x0000000087000000, 0x0000000087000000, 0x0000000087100000|  0%| F|  |TAMS 0x0000000087000000| PB 0x0000000087000000| Untracked 
|  31|0x0000000087100000, 0x0000000087100000, 0x0000000087200000|  0%| F|  |TAMS 0x0000000087100000| PB 0x0000000087100000| Untracked 
|  32|0x0000000087200000, 0x0000000087200000, 0x0000000087300000|  0%| F|  |TAMS 0x0000000087200000| PB 0x0000000087200000| Untracked 
|  33|0x0000000087300000, 0x0000000087300000, 0x0000000087400000|  0%| F|  |TAMS 0x0000000087300000| PB 0x0000000087300000| Untracked 
|  34|0x0000000087400000, 0x0000000087400000, 0x0000000087500000|  0%| F|  |TAMS 0x0000000087400000| PB 0x0000000087400000| Untracked 
|  35|0x0000000087500000, 0x0000000087500000, 0x0000000087600000|  0%| F|  |TAMS 0x0000000087500000| PB 0x0000000087500000| Untracked 
|  36|0x0000000087600000, 0x0000000087600000, 0x0000000087700000|  0%| F|  |TAMS 0x0000000087600000| PB 0x0000000087600000| Untracked 
|  37|0x0000000087700000, 0x0000000087700000, 0x0000000087800000|  0%| F|  |TAMS 0x0000000087700000| PB 0x0000000087700000| Untracked 
|  38|0x0000000087800000, 0x0000000087800000, 0x0000000087900000|  0%| F|  |TAMS 0x0000000087800000| PB 0x0000000087800000| Untracked 
|  39|0x0000000087900000, 0x0000000087900000, 0x0000000087a00000|  0%| F|  |TAMS 0x0000000087900000| PB 0x0000000087900000| Untracked 
|  40|0x0000000087a00000, 0x0000000087a00000, 0x0000000087b00000|  0%| F|  |TAMS 0x0000000087a00000| PB 0x0000000087a00000| Untracked 
|  41|0x0000000087b00000, 0x0000000087b00000, 0x0000000087c00000|  0%| F|  |TAMS 0x0000000087b00000| PB 0x0000000087b00000| Untracked 
|  42|0x0000000087c00000, 0x0000000087c00000, 0x0000000087d00000|  0%| F|  |TAMS 0x0000000087c00000| PB 0x0000000087c00000| Untracked 
|  43|0x0000000087d00000, 0x0000000087d00000, 0x0000000087e00000|  0%| F|  |TAMS 0x0000000087d00000| PB 0x0000000087d00000| Untracked 
|  44|0x0000000087e00000, 0x0000000087e00000, 0x0000000087f00000|  0%| F|  |TAMS 0x0000000087e00000| PB 0x0000000087e00000| Untracked 
|  45|0x0000000087f00000, 0x0000000087f00000, 0x0000000088000000|  0%| F|  |TAMS 0x0000000087f00000| PB 0x0000000087f00000| Untracked 
|  46|0x0000000088000000, 0x0000000088000000, 0x0000000088100000|  0%| F|  |TAMS 0x0000000088000000| PB 0x0000000088000000| Untracked 
|  47|0x0000000088100000, 0x0000000088100000, 0x0000000088200000|  0%| F|  |TAMS 0x0000000088100000| PB 0x0000000088100000| Untracked 
|  48|0x0000000088200000, 0x0000000088200000, 0x0000000088300000|  0%| F|  |TAMS 0x0000000088200000| PB 0x0000000088200000| Untracked 
|  49|0x0000000088300000, 0x0000000088300000, 0x0000000088400000|  0%| F|  |TAMS 0x0000000088300000| PB 0x0000000088300000| Untracked 
|  50|0x0000000088400000, 0x0000000088400000, 0x0000000088500000|  0%| F|  |TAMS 0x0000000088400000| PB 0x0000000088400000| Untracked 
|  51|0x0000000088500000, 0x0000000088500000, 0x0000000088600000|  0%| F|  |TAMS 0x0000000088500000| PB 0x0000000088500000| Untracked 
|  52|0x0000000088600000, 0x0000000088600000, 0x0000000088700000|  0%| F|  |TAMS 0x0000000088600000| PB 0x0000000088600000| Untracked 
|  53|0x0000000088700000, 0x0000000088700000, 0x0000000088800000|  0%| F|  |TAMS 0x0000000088700000| PB 0x0000000088700000| Untracked 
|  54|0x0000000088800000, 0x0000000088800000, 0x0000000088900000|  0%| F|  |TAMS 0x0000000088800000| PB 0x0000000088800000| Untracked 
|  55|0x0000000088900000, 0x0000000088900000, 0x0000000088a00000|  0%| F|  |TAMS 0x0000000088900000| PB 0x0000000088900000| Untracked 
|  56|0x0000000088a00000, 0x0000000088a00000, 0x0000000088b00000|  0%| F|  |TAMS 0x0000000088a00000| PB 0x0000000088a00000| Untracked 
|  57|0x0000000088b00000, 0x0000000088b00000, 0x0000000088c00000|  0%| F|  |TAMS 0x0000000088b00000| PB 0x0000000088b00000| Untracked 
|  58|0x0000000088c00000, 0x0000000088c00000, 0x0000000088d00000|  0%| F|  |TAMS 0x0000000088c00000| PB 0x0000000088c00000| Untracked 
|  59|0x0000000088d00000, 0x0000000088d00000, 0x0000000088e00000|  0%| F|  |TAMS 0x0000000088d00000| PB 0x0000000088d00000| Untracked 
|  60|0x0000000088e00000, 0x0000000088e00000, 0x0000000088f00000|  0%| F|  |TAMS 0x0000000088e00000| PB 0x0000000088e00000| Untracked 
|  61|0x0000000088f00000, 0x0000000088f00000, 0x0000000089000000|  0%| F|  |TAMS 0x0000000088f00000| PB 0x0000000088f00000| Untracked 
|  62|0x0000000089000000, 0x0000000089000000, 0x0000000089100000|  0%| F|  |TAMS 0x0000000089000000| PB 0x0000000089000000| Untracked 
|  63|0x0000000089100000, 0x0000000089100000, 0x0000000089200000|  0%| F|  |TAMS 0x0000000089100000| PB 0x0000000089100000| Untracked 
|  64|0x0000000089200000, 0x0000000089200000, 0x0000000089300000|  0%| F|  |TAMS 0x0000000089200000| PB 0x0000000089200000| Untracked 
|  65|0x0000000089300000, 0x0000000089300000, 0x0000000089400000|  0%| F|  |TAMS 0x0000000089300000| PB 0x0000000089300000| Untracked 
|  66|0x0000000089400000, 0x0000000089400000, 0x0000000089500000|  0%| F|  |TAMS 0x0000000089400000| PB 0x0000000089400000| Untracked 
|  67|0x0000000089500000, 0x0000000089500000, 0x0000000089600000|  0%| F|  |TAMS 0x0000000089500000| PB 0x0000000089500000| Untracked 
|  68|0x0000000089600000, 0x0000000089600000, 0x0000000089700000|  0%| F|  |TAMS 0x0000000089600000| PB 0x0000000089600000| Untracked 
|  69|0x0000000089700000, 0x0000000089700000, 0x0000000089800000|  0%| F|  |TAMS 0x0000000089700000| PB 0x0000000089700000| Untracked 
|  70|0x0000000089800000, 0x0000000089800000, 0x0000000089900000|  0%| F|  |TAMS 0x0000000089800000| PB 0x0000000089800000| Untracked 
|  71|0x0000000089900000, 0x0000000089900000, 0x0000000089a00000|  0%| F|  |TAMS 0x0000000089900000| PB 0x0000000089900000| Untracked 
|  72|0x0000000089a00000, 0x0000000089a00000, 0x0000000089b00000|  0%| F|  |TAMS 0x0000000089a00000| PB 0x0000000089a00000| Untracked 
|  73|0x0000000089b00000, 0x0000000089b00000, 0x0000000089c00000|  0%| F|  |TAMS 0x0000000089b00000| PB 0x0000000089b00000| Untracked 
|  74|0x0000000089c00000, 0x0000000089c00000, 0x0000000089d00000|  0%| F|  |TAMS 0x0000000089c00000| PB 0x0000000089c00000| Untracked 
|  75|0x0000000089d00000, 0x0000000089d00000, 0x0000000089e00000|  0%| F|  |TAMS 0x0000000089d00000| PB 0x0000000089d00000| Untracked 
|  76|0x0000000089e00000, 0x0000000089e00000, 0x0000000089f00000|  0%| F|  |TAMS 0x0000000089e00000| PB 0x0000000089e00000| Untracked 
|  77|0x0000000089f00000, 0x0000000089f00000, 0x000000008a000000|  0%| F|  |TAMS 0x0000000089f00000| PB 0x0000000089f00000| Untracked 
|  78|0x000000008a000000, 0x000000008a000000, 0x000000008a100000|  0%| F|  |TAMS 0x000000008a000000| PB 0x000000008a000000| Untracked 
|  79|0x000000008a100000, 0x000000008a100000, 0x000000008a200000|  0%| F|  |TAMS 0x000000008a100000| PB 0x000000008a100000| Untracked 
|  80|0x000000008a200000, 0x000000008a200000, 0x000000008a300000|  0%| F|  |TAMS 0x000000008a200000| PB 0x000000008a200000| Untracked 
|  81|0x000000008a300000, 0x000000008a300000, 0x000000008a400000|  0%| F|  |TAMS 0x000000008a300000| PB 0x000000008a300000| Untracked 
|  82|0x000000008a400000, 0x000000008a400000, 0x000000008a500000|  0%| F|  |TAMS 0x000000008a400000| PB 0x000000008a400000| Untracked 
|  83|0x000000008a500000, 0x000000008a500000, 0x000000008a600000|  0%| F|  |TAMS 0x000000008a500000| PB 0x000000008a500000| Untracked 
|  84|0x000000008a600000, 0x000000008a600000, 0x000000008a700000|  0%| F|  |TAMS 0x000000008a600000| PB 0x000000008a600000| Untracked 
|  85|0x000000008a700000, 0x000000008a700000, 0x000000008a800000|  0%| F|  |TAMS 0x000000008a700000| PB 0x000000008a700000| Untracked 
|  86|0x000000008a800000, 0x000000008a800000, 0x000000008a900000|  0%| F|  |TAMS 0x000000008a800000| PB 0x000000008a800000| Untracked 
|  87|0x000000008a900000, 0x000000008a900000, 0x000000008aa00000|  0%| F|  |TAMS 0x000000008a900000| PB 0x000000008a900000| Untracked 
|  88|0x000000008aa00000, 0x000000008aa00000, 0x000000008ab00000|  0%| F|  |TAMS 0x000000008aa00000| PB 0x000000008aa00000| Untracked 
|  89|0x000000008ab00000, 0x000000008ab00000, 0x000000008ac00000|  0%| F|  |TAMS 0x000000008ab00000| PB 0x000000008ab00000| Untracked 
|  90|0x000000008ac00000, 0x000000008ac00000, 0x000000008ad00000|  0%| F|  |TAMS 0x000000008ac00000| PB 0x000000008ac00000| Untracked 
|  91|0x000000008ad00000, 0x000000008ad00000, 0x000000008ae00000|  0%| F|  |TAMS 0x000000008ad00000| PB 0x000000008ad00000| Untracked 
|  92|0x000000008ae00000, 0x000000008ae00000, 0x000000008af00000|  0%| F|  |TAMS 0x000000008ae00000| PB 0x000000008ae00000| Untracked 
|  93|0x000000008af00000, 0x000000008af00000, 0x000000008b000000|  0%| F|  |TAMS 0x000000008af00000| PB 0x000000008af00000| Untracked 
|  94|0x000000008b000000, 0x000000008b000000, 0x000000008b100000|  0%| F|  |TAMS 0x000000008b000000| PB 0x000000008b000000| Untracked 
|  95|0x000000008b100000, 0x000000008b100000, 0x000000008b200000|  0%| F|  |TAMS 0x000000008b100000| PB 0x000000008b100000| Untracked 
|  96|0x000000008b200000, 0x000000008b200000, 0x000000008b300000|  0%| F|  |TAMS 0x000000008b200000| PB 0x000000008b200000| Untracked 
|  97|0x000000008b300000, 0x000000008b300000, 0x000000008b400000|  0%| F|  |TAMS 0x000000008b300000| PB 0x000000008b300000| Untracked 
|  98|0x000000008b400000, 0x000000008b400000, 0x000000008b500000|  0%| F|  |TAMS 0x000000008b400000| PB 0x000000008b400000| Untracked 
|  99|0x000000008b500000, 0x000000008b500000, 0x000000008b600000|  0%| F|  |TAMS 0x000000008b500000| PB 0x000000008b500000| Untracked 
| 100|0x000000008b600000, 0x000000008b600000, 0x000000008b700000|  0%| F|  |TAMS 0x000000008b600000| PB 0x000000008b600000| Untracked 
| 101|0x000000008b700000, 0x000000008b700000, 0x000000008b800000|  0%| F|  |TAMS 0x000000008b700000| PB 0x000000008b700000| Untracked 
| 102|0x000000008b800000, 0x000000008b800000, 0x000000008b900000|  0%| F|  |TAMS 0x000000008b800000| PB 0x000000008b800000| Untracked 
| 103|0x000000008b900000, 0x000000008b9ec670, 0x000000008ba00000| 92%| E|  |TAMS 0x000000008b900000| PB 0x000000008b900000| Complete 
| 104|0x000000008ba00000, 0x000000008bb00000, 0x000000008bb00000|100%| E|CS|TAMS 0x000000008ba00000| PB 0x000000008ba00000| Complete 
| 105|0x000000008bb00000, 0x000000008bc00000, 0x000000008bc00000|100%| E|CS|TAMS 0x000000008bb00000| PB 0x000000008bb00000| Complete 
| 106|0x000000008bc00000, 0x000000008bd00000, 0x000000008bd00000|100%| E|CS|TAMS 0x000000008bc00000| PB 0x000000008bc00000| Complete 
| 107|0x000000008bd00000, 0x000000008be00000, 0x000000008be00000|100%| E|CS|TAMS 0x000000008bd00000| PB 0x000000008bd00000| Complete 
| 108|0x000000008be00000, 0x000000008bf00000, 0x000000008bf00000|100%| E|CS|TAMS 0x000000008be00000| PB 0x000000008be00000| Complete 
| 109|0x000000008bf00000, 0x000000008c000000, 0x000000008c000000|100%| E|CS|TAMS 0x000000008bf00000| PB 0x000000008bf00000| Complete 
| 110|0x000000008c000000, 0x000000008c100000, 0x000000008c100000|100%| E|CS|TAMS 0x000000008c000000| PB 0x000000008c000000| Complete 
| 111|0x000000008c100000, 0x000000008c200000, 0x000000008c200000|100%| E|CS|TAMS 0x000000008c100000| PB 0x000000008c100000| Complete 
| 112|0x000000008c200000, 0x000000008c300000, 0x000000008c300000|100%| E|CS|TAMS 0x000000008c200000| PB 0x000000008c200000| Complete 
| 113|0x000000008c300000, 0x000000008c400000, 0x000000008c400000|100%| E|CS|TAMS 0x000000008c300000| PB 0x000000008c300000| Complete 
| 114|0x000000008c400000, 0x000000008c500000, 0x000000008c500000|100%| E|  |TAMS 0x000000008c400000| PB 0x000000008c400000| Complete 
| 115|0x000000008c500000, 0x000000008c600000, 0x000000008c600000|100%| E|CS|TAMS 0x000000008c500000| PB 0x000000008c500000| Complete 
| 116|0x000000008c600000, 0x000000008c700000, 0x000000008c700000|100%| E|CS|TAMS 0x000000008c600000| PB 0x000000008c600000| Complete 
| 117|0x000000008c700000, 0x000000008c800000, 0x000000008c800000|100%| E|CS|TAMS 0x000000008c700000| PB 0x000000008c700000| Complete 
| 118|0x000000008c800000, 0x000000008c900000, 0x000000008c900000|100%| E|CS|TAMS 0x000000008c800000| PB 0x000000008c800000| Complete 
| 119|0x000000008c900000, 0x000000008ca00000, 0x000000008ca00000|100%| E|CS|TAMS 0x000000008c900000| PB 0x000000008c900000| Complete 
| 120|0x000000008ca00000, 0x000000008cb00000, 0x000000008cb00000|100%| E|CS|TAMS 0x000000008ca00000| PB 0x000000008ca00000| Complete 
| 121|0x000000008cb00000, 0x000000008cc00000, 0x000000008cc00000|100%| E|CS|TAMS 0x000000008cb00000| PB 0x000000008cb00000| Complete 
| 122|0x000000008cc00000, 0x000000008cd00000, 0x000000008cd00000|100%| E|CS|TAMS 0x000000008cc00000| PB 0x000000008cc00000| Complete 
| 123|0x000000008cd00000, 0x000000008ce00000, 0x000000008ce00000|100%| E|CS|TAMS 0x000000008cd00000| PB 0x000000008cd00000| Complete 

Card table byte_map: [0x000002e644f80000,0x000002e645360000] _byte_map_base: 0x000002e644b57000

Marking Bits: (CMBitMap*) 0x000002e62b6fd610
 Bits: [0x000002e645740000, 0x000002e6475f8000)

Polling page: 0x000002e62b4c0000

Metaspace:

Usage:
  Non-class:     13.82 MB used.
      Class:      1.72 MB used.
       Both:     15.54 MB used.

Virtual space:
  Non-class space:       64.00 MB reserved,      14.00 MB ( 22%) committed,  1 nodes.
      Class space:        1.00 GB reserved,       1.88 MB ( <1%) committed,  1 nodes.
             Both:        1.06 GB reserved,      15.88 MB (  1%) committed. 

Chunk freelists:
   Non-Class:  1.99 MB
       Class:  2.16 MB
        Both:  4.15 MB

MaxMetaspaceSize: unlimited
CompressedClassSpaceSize: 1.00 GB
Initial GC threshold: 21.00 MB
Current GC threshold: 21.00 MB
CDS: on
MetaspaceReclaimPolicy: balanced
 - commit_granule_bytes: 65536.
 - commit_granule_words: 8192.
 - virtual_space_node_default_size: 8388608.
 - enlarge_chunks_in_place: 1.
 - new_chunks_are_fully_committed: 0.
 - uncommit_free_chunks: 1.
 - use_allocation_guard: 0.


Internal statistics:

num_allocs_failed_limit: 0.
num_arena_births: 182.
num_arena_deaths: 0.
num_vsnodes_births: 2.
num_vsnodes_deaths: 0.
num_space_committed: 254.
num_space_uncommitted: 0.
num_chunks_returned_to_freelist: 0.
num_chunks_taken_from_freelist: 373.
num_chunk_merges: 0.
num_chunk_splits: 232.
num_chunks_enlarged: 139.
num_inconsistent_stats: 0.

CodeHeap 'non-profiled nmethods': size=120000Kb used=552Kb max_used=552Kb free=119447Kb
 bounds [0x000002e63c9f0000, 0x000002e63cc60000, 0x000002e643f20000]
CodeHeap 'profiled nmethods': size=120000Kb used=2618Kb max_used=2618Kb free=117381Kb
 bounds [0x000002e634f20000, 0x000002e6351b0000, 0x000002e63c450000]
CodeHeap 'non-nmethods': size=5760Kb used=1681Kb max_used=1691Kb free=4078Kb
 bounds [0x000002e63c450000, 0x000002e63c6c0000, 0x000002e63c9f0000]
 total_blobs=2235 nmethods=1564 adapters=582
 compilation: enabled
              stopped_count=0, restarted_count=0
 full_count=0

Compilation events (20 events):
Event: 0.992 Thread 0x000002e64a3212d0 nmethod 1524 0x000002e635194790 code [0x000002e635194a00, 0x000002e6351954b8]
Event: 0.993 Thread 0x000002e64a3212d0 1526       3       java.lang.StringUTF16::compress (50 bytes)
Event: 0.993 Thread 0x000002e64a3212d0 nmethod 1526 0x000002e635195890 code [0x000002e635195a20, 0x000002e635195c68]
Event: 0.993 Thread 0x000002e64a3212d0 1527       3       java.util.StringTokenizer::scanToken (179 bytes)
Event: 0.994 Thread 0x000002e64a3212d0 nmethod 1527 0x000002e635195e10 code [0x000002e635196140, 0x000002e635197758]
Event: 0.995 Thread 0x000002e64a3212d0 1528       3       java.lang.invoke.DirectMethodHandle$Holder::invokeStatic (14 bytes)
Event: 0.995 Thread 0x000002e64a3212d0 nmethod 1528 0x000002e635197f90 code [0x000002e635198140, 0x000002e635198618]
Event: 0.995 Thread 0x000002e64a3212d0 1529       3       sun.awt.FontConfiguration::getString (53 bytes)
Event: 0.995 Thread 0x000002e64a3212d0 nmethod 1529 0x000002e635198710 code [0x000002e6351988e0, 0x000002e635198d88]
Event: 0.995 Thread 0x000002e64a3212d0 1530       3       sun.awt.FontConfiguration::getComponentFileID (6 bytes)
Event: 0.995 Thread 0x000002e64a3212d0 nmethod 1530 0x000002e635198f90 code [0x000002e635199120, 0x000002e635199248]
Event: 0.995 Thread 0x000002e64a3212d0 1531       3       sun.awt.FontConfiguration::getComponentFontName (15 bytes)
Event: 0.995 Thread 0x000002e64a3212d0 nmethod 1531 0x000002e635199310 code [0x000002e6351994c0, 0x000002e635199678]
Event: 0.995 Thread 0x000002e64a3212d0 1532       3       sun.awt.FontConfiguration::getComponentFileName (15 bytes)
Event: 0.996 Thread 0x000002e64a3212d0 nmethod 1532 0x000002e635199790 code [0x000002e635199940, 0x000002e635199af8]
Event: 0.996 Thread 0x000002e64a3212d0 1533       3       sun.awt.FontConfiguration::mapFileName (2 bytes)
Event: 0.996 Thread 0x000002e64a3212d0 nmethod 1533 0x000002e635199c10 code [0x000002e635199da0, 0x000002e635199eb0]
Event: 0.996 Thread 0x000002e64a3212d0 1534       3       sun.awt.windows.WFontConfiguration::getFaceNameFromComponentFontName (2 bytes)
Event: 0.996 Thread 0x000002e64a3212d0 nmethod 1534 0x000002e635199f10 code [0x000002e63519a0a0, 0x000002e63519a1b0]
Event: 0.996 Thread 0x000002e64a3212d0 1535       3       sun.awt.FontConfiguration::needToSearchForFile (128 bytes)

GC Heap History (0 events):
No events

Dll operation events (12 events):
Event: 0.006 Loaded shared library C:\Program Files\Java\jdk-20\bin\java.dll
Event: 0.020 Loaded shared library C:\Program Files\Java\jdk-20\bin\jsvml.dll
Event: 0.058 Loaded shared library C:\Program Files\Java\jdk-20\bin\net.dll
Event: 0.060 Loaded shared library C:\Program Files\Java\jdk-20\bin\nio.dll
Event: 0.093 Loaded shared library C:\Program Files\Java\jdk-20\bin\zip.dll
Event: 0.119 Loaded shared library C:\Program Files\Java\jdk-20\bin\jimage.dll
Event: 0.142 Loaded shared library C:\Program Files\Java\jdk-20\bin\awt.dll
Event: 0.223 Loaded shared library C:\Program Files\Java\jdk-20\bin\javaaccessbridge.dll
Event: 0.551 Loaded shared library C:\Program Files\Java\jdk-20\bin\extnet.dll
Event: 0.743 Loaded shared library C:\Program Files\Java\jdk-20\bin\sunmscapi.dll
Event: 0.984 Loaded shared library C:\Program Files\Java\jdk-20\bin\freetype.dll
Event: 0.984 Loaded shared library C:\Program Files\Java\jdk-20\bin\fontmanager.dll

Deoptimization events (20 events):
Event: 0.748 Thread 0x000002e62b69cec0 DEOPT PACKING pc=0x000002e63ca39fec sp=0x000000f0c81fc6c0
Event: 0.748 Thread 0x000002e62b69cec0 DEOPT UNPACKING pc=0x000002e63c4b9d22 sp=0x000000f0c81fc5f8 mode 2
Event: 0.869 Thread 0x000002e62b69cec0 Uncommon trap: trap_request=0xffffff45 fr.pc=0x000002e63ca36744 relative=0x0000000000000144
Event: 0.869 Thread 0x000002e62b69cec0 Uncommon trap: reason=unstable_if action=reinterpret pc=0x000002e63ca36744 method=java.util.concurrent.locks.ReentrantLock$NonfairSync.initialTryLock()Z @ 10 c2
Event: 0.869 Thread 0x000002e62b69cec0 DEOPT PACKING pc=0x000002e63ca36744 sp=0x000000f0c81fe660
Event: 0.869 Thread 0x000002e62b69cec0 DEOPT UNPACKING pc=0x000002e63c4b9d22 sp=0x000000f0c81fe608 mode 2
Event: 0.869 Thread 0x000002e62b69cec0 Uncommon trap: trap_request=0xffffff45 fr.pc=0x000002e63ca36a4c relative=0x00000000000000cc
Event: 0.869 Thread 0x000002e62b69cec0 Uncommon trap: reason=unstable_if action=reinterpret pc=0x000002e63ca36a4c method=java.util.concurrent.locks.ReentrantLock$Sync.tryRelease(I)Z @ 26 c2
Event: 0.869 Thread 0x000002e62b69cec0 DEOPT PACKING pc=0x000002e63ca36a4c sp=0x000000f0c81fe660
Event: 0.869 Thread 0x000002e62b69cec0 DEOPT UNPACKING pc=0x000002e63c4b9d22 sp=0x000000f0c81fe600 mode 2
Event: 0.969 Thread 0x000002e6916acdc0 Uncommon trap: trap_request=0xffffff45 fr.pc=0x000002e63ca33b40 relative=0x0000000000000040
Event: 0.969 Thread 0x000002e6916acdc0 Uncommon trap: reason=unstable_if action=reinterpret pc=0x000002e63ca33b40 method=java.util.concurrent.locks.AbstractQueuedSynchronizer.signalNext(Ljava/util/concurrent/locks/AbstractQueuedSynchronizer$Node;)V @ 1 c2
Event: 0.969 Thread 0x000002e6916acdc0 DEOPT PACKING pc=0x000002e63ca33b40 sp=0x000000f0c9afebf0
Event: 0.969 Thread 0x000002e6916acdc0 DEOPT UNPACKING pc=0x000002e63c4b9d22 sp=0x000000f0c9afeb80 mode 2
Event: 0.990 Thread 0x000002e62b69cec0 Uncommon trap: trap_request=0xffffff45 fr.pc=0x000002e63ca26b48 relative=0x00000000000001c8
Event: 0.990 Thread 0x000002e62b69cec0 Uncommon trap: reason=unstable_if action=reinterpret pc=0x000002e63ca26b48 method=java.lang.StringUTF16.compress([CI[BII)I @ 20 c2
Event: 0.990 Thread 0x000002e62b69cec0 DEOPT PACKING pc=0x000002e63ca26b48 sp=0x000000f0c81fde80
Event: 0.990 Thread 0x000002e62b69cec0 DEOPT UNPACKING pc=0x000002e63c4b9d22 sp=0x000000f0c81fddf0 mode 2
Event: 0.991 Thread 0x000002e62b69cec0 DEOPT PACKING pc=0x000002e6350147ae sp=0x000000f0c81fdf70
Event: 0.991 Thread 0x000002e62b69cec0 DEOPT UNPACKING pc=0x000002e63c4ba4c2 sp=0x000000f0c81fd410 mode 0

Classes loaded (20 events):
Event: 0.987 Loading class sun/font/CompositeFont
Event: 0.987 Loading class sun/font/CompositeFont done
Event: 0.987 Loading class sun/font/SunFontManager$2
Event: 0.987 Loading class sun/font/SunFontManager$2 done
Event: 0.988 Loading class sun/awt/windows/WFontConfiguration
Event: 0.988 Loading class sun/awt/FontConfiguration
Event: 0.988 Loading class sun/awt/FontConfiguration done
Event: 0.988 Loading class sun/awt/windows/WFontConfiguration done
Event: 0.988 Loading class sun/awt/FontDescriptor
Event: 0.988 Loading class sun/awt/FontDescriptor done
Event: 0.990 Loading class java/lang/Short$ShortCache
Event: 0.990 Loading class java/lang/Short$ShortCache done
Event: 0.991 Loading class sun/font/SunFontManager$FontRegistrationInfo
Event: 0.991 Loading class sun/font/SunFontManager$FontRegistrationInfo done
Event: 0.994 Loading class sun/font/CompositeFontDescriptor
Event: 0.994 Loading class sun/font/CompositeFontDescriptor done
Event: 0.995 Loading class sun/font/FontFamily
Event: 0.995 Loading class sun/font/FontFamily done
Event: 0.996 Loading class sun/awt/Win32FontManager$2
Event: 0.996 Loading class sun/awt/Win32FontManager$2 done

Classes unloaded (0 events):
No events

Classes redefined (0 events):
No events

Internal exceptions (20 events):
Event: 0.060 Thread 0x000002e62b69cec0 Exception <a 'sun/nio/fs/WindowsException'{0x000000008cc444c8}> (0x000000008cc444c8) 
thrown [s\open\src\hotspot\share\prims\jni.cpp, line 519]
Event: 0.062 Thread 0x000002e62b69cec0 Exception <a 'sun/nio/fs/WindowsException'{0x000000008cc46c30}> (0x000000008cc46c30) 
thrown [s\open\src\hotspot\share\prims\jni.cpp, line 519]
Event: 0.126 Thread 0x000002e62b69cec0 Exception <a 'java/lang/ClassNotFoundException'{0x000000008cb9b470}: sun/awt/resources/spi/awtProvider> (0x000000008cb9b470) 
thrown [s\open\src\hotspot\share\classfile\systemDictionary.cpp, line 305]
Event: 0.226 Thread 0x000002e62b69cec0 Exception <a 'java/lang/ClassNotFoundException'{0x000000008ca5d880}: com/sun/accessibility/internal/resources/spi/accessibilityProvider> (0x000000008ca5d880) 
thrown [s\open\src\hotspot\share\classfile\systemDictionary.cpp, line 305]
Event: 0.249 Thread 0x000002e62b69cec0 Exception <a 'java/lang/NoSuchMethodError'{0x000000008c92e9b0}: 'void java.lang.invoke.DirectMethodHandle$Holder.invokeStatic(java.lang.Object, java.lang.Object)'> (0x000000008c92e9b0) 
thrown [s\open\src\hotspot\share\interpreter\linkResolver.cpp, line 773]
Event: 0.293 Thread 0x000002e62b69cec0 Exception <a 'java/lang/NoSuchMethodError'{0x000000008c96f7e0}: 'void java.lang.invoke.DirectMethodHandle$Holder.invokeSpecial(java.lang.Object, java.lang.Object, java.lang.Object)'> (0x000000008c96f7e0) 
thrown [s\open\src\hotspot\share\interpreter\linkResolver.cpp, line 773]
Event: 0.304 Thread 0x000002e62b69cec0 Exception <a 'java/lang/NoSuchMethodError'{0x000000008c8103c8}: 'java.lang.Object java.lang.invoke.DirectMethodHandle$Holder.newInvokeSpecial(java.lang.Object, java.lang.Object, java.lang.Object, java.lang.Object, java.lang.Object)'> (0x000000008c8103c8) 
thrown [s\open\src\hotspot\share\interpreter\linkResolver.cpp, line 773]
Event: 0.317 Thread 0x000002e62b69cec0 Exception <a 'java/lang/NoSuchMethodError'{0x000000008c840c70}: 'java.lang.Object java.lang.invoke.DirectMethodHandle$Holder.invokeStatic(java.lang.Object, int, java.lang.Object)'> (0x000000008c840c70) 
thrown [s\open\src\hotspot\share\interpreter\linkResolver.cpp, line 773]
Event: 0.375 Thread 0x000002e62b69cec0 Exception <a 'java/lang/ClassNotFoundException'{0x000000008c8fbb28}: com/sun/swing/internal/plaf/metal/resources/spi/metalProvider> (0x000000008c8fbb28) 
thrown [s\open\src\hotspot\share\classfile\systemDictionary.cpp, line 305]
Event: 0.376 Thread 0x000002e62b69cec0 Exception <a 'java/lang/ClassNotFoundException'{0x000000008c8ffa38}: com/sun/swing/internal/plaf/basic/resources/spi/basicProvider> (0x000000008c8ffa38) 
thrown [s\open\src\hotspot\share\classfile\systemDictionary.cpp, line 305]
Event: 0.388 Thread 0x000002e62b69cec0 Exception <a 'java/lang/NoSuchMethodError'{0x000000008c71efe8}: 'int java.lang.invoke.Invokers$Holder.invokeExact_MT(java.lang.Object, java.lang.Object)'> (0x000000008c71efe8) 
thrown [s\open\src\hotspot\share\interpreter\linkResolver.cpp, line 773]
Event: 0.455 Thread 0x000002e62b69cec0 Exception <a 'java/lang/NoSuchMethodError'{0x000000008c68ed00}: 'java.lang.Object java.lang.invoke.DirectMethodHandle$Holder.invokeInterface(java.lang.Object, java.lang.Object)'> (0x000000008c68ed00) 
thrown [s\open\src\hotspot\share\interpreter\linkResolver.cpp, line 773]
Event: 0.478 Thread 0x000002e62b69cec0 Exception <a 'java/lang/NoSuchMethodError'{0x000000008c507a10}: 'void java.lang.invoke.DirectMethodHandle$Holder.invokeStatic(java.lang.Object, java.lang.Object, java.lang.Object)'> (0x000000008c507a10) 
thrown [s\open\src\hotspot\share\interpreter\linkResolver.cpp, line 773]
Event: 0.480 Thread 0x000002e62b69cec0 Exception <a 'java/lang/NoSuchMethodError'{0x000000008c511520}: 'java.lang.Object java.lang.invoke.DirectMethodHandle$Holder.invokeVirtual(java.lang.Object, java.lang.Object, java.lang.Object)'> (0x000000008c511520) 
thrown [s\open\src\hotspot\share\interpreter\linkResolver.cpp, line 773]
Event: 0.601 Thread 0x000002e62b69cec0 Exception <a 'java/lang/NoSuchMethodError'{0x000000008c1f8558}: 'void java.lang.invoke.DirectMethodHandle$Holder.invokeStaticInit(java.lang.Object, java.lang.Object)'> (0x000000008c1f8558) 
thrown [s\open\src\hotspot\share\interpreter\linkResolver.cpp, line 773]
Event: 0.649 Thread 0x000002e62b69cec0 Exception <a 'sun/nio/fs/WindowsException'{0x000000008bf36818}> (0x000000008bf36818) 
thrown [s\open\src\hotspot\share\prims\jni.cpp, line 519]
Event: 0.673 Thread 0x000002e62b69cec0 Exception <a 'java/lang/NoSuchMethodError'{0x000000008bfeaee8}: 'java.lang.Object java.lang.invoke.DirectMethodHandle$Holder.invokeStaticInit(java.lang.Object, int, int, int, int)'> (0x000000008bfeaee8) 
thrown [s\open\src\hotspot\share\interpreter\linkResolver.cpp, line 773]
Event: 0.721 Thread 0x000002e62b69cec0 Exception <a 'java/lang/NoSuchMethodError'{0x000000008beaa928}: 'java.lang.Object java.lang.invoke.DirectMethodHandle$Holder.invokeStaticInit(java.lang.Object, java.lang.Object, int, int, int, int)'> (0x000000008beaa928) 
thrown [s\open\src\hotspot\share\interpreter\linkResolver.cpp, line 773]
Event: 0.864 Thread 0x000002e62b69cec0 Exception <a 'java/lang/NoSuchMethodError'{0x000000008bc1aff8}: 'void java.lang.invoke.DirectMethodHandle$Holder.invokeVirtual(java.lang.Object, java.lang.Object)'> (0x000000008bc1aff8) 
thrown [s\open\src\hotspot\share\interpreter\linkResolver.cpp, line 773]
Event: 0.981 Thread 0x000002e62b69cec0 Exception <a 'java/lang/NoSuchMethodError'{0x000000008bac0248}: 'void java.lang.invoke.DirectMethodHandle$Holder.invokeStaticInit(java.lang.Object)'> (0x000000008bac0248) 
thrown [s\open\src\hotspot\share\interpreter\linkResolver.cpp, line 773]

VM Operations (12 events):
Event: 0.065 Executing VM operation: HandshakeAllThreads
Event: 0.065 Executing VM operation: HandshakeAllThreads done
Event: 0.163 Executing VM operation: HandshakeAllThreads
Event: 0.163 Executing VM operation: HandshakeAllThreads done
Event: 0.408 Executing VM operation: HandshakeAllThreads
Event: 0.408 Executing VM operation: HandshakeAllThreads done
Event: 0.437 Executing VM operation: HandshakeAllThreads
Event: 0.437 Executing VM operation: HandshakeAllThreads done
Event: 0.542 Executing VM operation: HandshakeAllThreads
Event: 0.542 Executing VM operation: HandshakeAllThreads done
Event: 0.727 Executing VM operation: ICBufferFull
Event: 0.728 Executing VM operation: ICBufferFull done

Events (19 events):
Event: 0.020 Thread 0x000002e62b69cec0 Thread added: 0x000002e62b69cec0
Event: 0.027 Thread 0x000002e64a2ecc50 Thread added: 0x000002e64a2ecc50
Event: 0.027 Thread 0x000002e64a2ed850 Thread added: 0x000002e64a2ed850
Event: 0.027 Thread 0x000002e64a2ef910 Thread added: 0x000002e64a2ef910
Event: 0.027 Thread 0x000002e64a2f1390 Thread added: 0x000002e64a2f1390
Event: 0.028 Thread 0x000002e64a2f2ce0 Thread added: 0x000002e64a2f2ce0
Event: 0.028 Thread 0x000002e64a2f3620 Thread added: 0x000002e64a2f3620
Event: 0.028 Thread 0x000002e64a2fccd0 Thread added: 0x000002e64a2fccd0
Event: 0.028 Thread 0x000002e64a3212d0 Thread added: 0x000002e64a3212d0
Event: 0.041 Thread 0x000002e68f5ee2c0 Thread added: 0x000002e68f5ee2c0
Event: 0.084 Thread 0x000002e68f70b950 Thread added: 0x000002e68f70b950
Event: 0.195 Thread 0x000002e68f880de0 Thread added: 0x000002e68f880de0
Event: 0.197 Thread 0x000002e68f884620 Thread added: 0x000002e68f884620
Event: 0.200 Thread 0x000002e68f88cd90 Thread added: 0x000002e68f88cd90
Event: 0.232 Thread 0x000002e68f8b3170 Thread added: 0x000002e68f8b3170
Event: 0.246 Thread 0x000002e68f8cd7c0 Thread added: 0x000002e68f8cd7c0
Event: 0.424 Thread 0x000002e68fe24f00 Thread added: 0x000002e68fe24f00
Event: 0.471 Thread 0x000002e68fe91070 Thread added: 0x000002e68fe91070
Event: 0.968 Thread 0x000002e6916acdc0 Thread added: 0x000002e6916acdc0


Dynamic libraries:
0x00007ff7a31d0000 - 0x00007ff7a31e0000 	C:\Program Files\Java\jdk-20\bin\java.exe
0x00007ffe102f0000 - 0x00007ffe10507000 	C:\WINDOWS\SYSTEM32\ntdll.dll
0x00007ffe0ec40000 - 0x00007ffe0ed04000 	C:\WINDOWS\System32\KERNEL32.DLL
0x00007ffe0d610000 - 0x00007ffe0d9b7000 	C:\WINDOWS\System32\KERNELBASE.dll
0x00007ffe0dcf0000 - 0x00007ffe0de01000 	C:\WINDOWS\System32\ucrtbase.dll
0x00007ffdeafc0000 - 0x00007ffdeafd9000 	C:\Program Files\Java\jdk-20\bin\jli.dll
0x00007ffde93e0000 - 0x00007ffde93fb000 	C:\Program Files\Java\jdk-20\bin\VCRUNTIME140.dll
0x00007ffe0e380000 - 0x00007ffe0e432000 	C:\WINDOWS\System32\ADVAPI32.dll
0x00007ffe10160000 - 0x00007ffe10207000 	C:\WINDOWS\System32\msvcrt.dll
0x00007ffe0e1e0000 - 0x00007ffe0e288000 	C:\WINDOWS\System32\sechost.dll
0x00007ffe0daf0000 - 0x00007ffe0db18000 	C:\WINDOWS\System32\bcrypt.dll
0x00007ffe0e020000 - 0x00007ffe0e135000 	C:\WINDOWS\System32\RPCRT4.dll
0x00007ffe0ee80000 - 0x00007ffe0f02e000 	C:\WINDOWS\System32\USER32.dll
0x00007ffe0dba0000 - 0x00007ffe0dbc6000 	C:\WINDOWS\System32\win32u.dll
0x00007ffdf1210000 - 0x00007ffdf14a3000 	C:\WINDOWS\WinSxS\amd64_microsoft.windows.common-controls_6595b64144ccf1df_6.0.22621.3527_none_270e469b73872a76\COMCTL32.dll
0x00007ffe0e440000 - 0x00007ffe0e469000 	C:\WINDOWS\System32\GDI32.dll
0x00007ffe0dbd0000 - 0x00007ffe0dce9000 	C:\WINDOWS\System32\gdi32full.dll
0x00007ffe0de10000 - 0x00007ffe0deaa000 	C:\WINDOWS\System32\msvcp_win.dll
0x00007ffdfe9f0000 - 0x00007ffdfe9fa000 	C:\WINDOWS\SYSTEM32\VERSION.dll
0x00007ffe10270000 - 0x00007ffe102a1000 	C:\WINDOWS\System32\IMM32.DLL
0x00007ffde93d0000 - 0x00007ffde93dc000 	C:\Program Files\Java\jdk-20\bin\vcruntime140_1.dll
0x00007ffd74380000 - 0x00007ffd7440e000 	C:\Program Files\Java\jdk-20\bin\msvcp140.dll
0x00007ffd52540000 - 0x00007ffd531d8000 	C:\Program Files\Java\jdk-20\bin\server\jvm.dll
0x00007ffe018f0000 - 0x00007ffe01924000 	C:\WINDOWS\SYSTEM32\WINMM.dll
0x00007ffe05e80000 - 0x00007ffe05e89000 	C:\WINDOWS\SYSTEM32\WSOCK32.dll
0x00007ffe0ee00000 - 0x00007ffe0ee71000 	C:\WINDOWS\System32\WS2_32.dll
0x00007ffe0c5f0000 - 0x00007ffe0c608000 	C:\WINDOWS\SYSTEM32\kernel.appcore.dll
0x00007ffde93c0000 - 0x00007ffde93ca000 	C:\Program Files\Java\jdk-20\bin\jimage.dll
0x00007ffe0aef0000 - 0x00007ffe0b122000 	C:\WINDOWS\SYSTEM32\DBGHELP.DLL
0x00007ffe0f030000 - 0x00007ffe0f3b8000 	C:\WINDOWS\System32\combase.dll
0x00007ffe0ed20000 - 0x00007ffe0edf7000 	C:\WINDOWS\System32\OLEAUT32.dll
0x00007ffde8ae0000 - 0x00007ffde8b12000 	C:\WINDOWS\SYSTEM32\dbgcore.DLL
0x00007ffe0db20000 - 0x00007ffe0db99000 	C:\WINDOWS\System32\bcryptPrimitives.dll
0x00007ffdd23e0000 - 0x00007ffdd2406000 	C:\Program Files\Java\jdk-20\bin\java.dll
0x00007ffd5d4d0000 - 0x00007ffd5d5a7000 	C:\Program Files\Java\jdk-20\bin\jsvml.dll
0x00007ffe0f3c0000 - 0x00007ffe0fc1c000 	C:\WINDOWS\System32\SHELL32.dll
0x00007ffe0b500000 - 0x00007ffe0bdf6000 	C:\WINDOWS\SYSTEM32\windows.storage.dll
0x00007ffe0b3c0000 - 0x00007ffe0b4fe000 	C:\WINDOWS\SYSTEM32\wintypes.dll
0x00007ffe0fc20000 - 0x00007ffe0fd15000 	C:\WINDOWS\System32\SHCORE.dll
0x00007ffe10210000 - 0x00007ffe1026e000 	C:\WINDOWS\System32\shlwapi.dll
0x00007ffe0d540000 - 0x00007ffe0d561000 	C:\WINDOWS\SYSTEM32\profapi.dll
0x00007ffde10d0000 - 0x00007ffde10e3000 	C:\Program Files\Java\jdk-20\bin\net.dll
0x00007ffe05d40000 - 0x00007ffe05e76000 	C:\WINDOWS\SYSTEM32\WINHTTP.dll
0x00007ffe0ca60000 - 0x00007ffe0cac9000 	C:\WINDOWS\system32\mswsock.dll
0x00007ffdd92f0000 - 0x00007ffdd9306000 	C:\Program Files\Java\jdk-20\bin\nio.dll
0x00007ffdca1c0000 - 0x00007ffdca1d8000 	C:\Program Files\Java\jdk-20\bin\zip.dll
0x00007ffd5b1b0000 - 0x00007ffd5b341000 	C:\Program Files\Java\jdk-20\bin\awt.dll
0x00007ffe0a350000 - 0x00007ffe0a3e7000 	C:\WINDOWS\SYSTEM32\apphelp.dll
0x00007ffe0a770000 - 0x00007ffe0a79b000 	C:\WINDOWS\system32\DWMAPI.DLL
0x00007ffe0a4f0000 - 0x00007ffe0a59b000 	C:\WINDOWS\system32\uxtheme.dll
0x00007ffd5d3d0000 - 0x00007ffd5d4d0000 	C:\WINDOWS\system32\opengl32.dll
0x00007ffdbc310000 - 0x00007ffdbc33d000 	C:\WINDOWS\SYSTEM32\GLU32.dll
0x00007ffe0a600000 - 0x00007ffe0a639000 	C:\WINDOWS\SYSTEM32\dxcore.dll
0x00007ffe0ea80000 - 0x00007ffe0ebd3000 	C:\WINDOWS\System32\MSCTF.dll
0x00007ffe0fee0000 - 0x00007ffe10085000 	C:\WINDOWS\System32\ole32.dll
0x00007ffdbaf60000 - 0x00007ffdbafaa000 	C:\Program Files\Java\jdk-20\bin\javaaccessbridge.dll
0x00007ffde31b0000 - 0x00007ffde31b7000 	C:\Program Files\Java\jdk-20\bin\jawt.dll
0x00007ffe0c0d0000 - 0x00007ffe0c1c8000 	C:\WINDOWS\SYSTEM32\DNSAPI.dll
0x00007ffe0c060000 - 0x00007ffe0c08d000 	C:\WINDOWS\SYSTEM32\IPHLPAPI.DLL
0x00007ffe0e290000 - 0x00007ffe0e299000 	C:\WINDOWS\System32\NSI.dll
0x00007ffdfed70000 - 0x00007ffdfed7a000 	C:\Windows\System32\rasadhlp.dll
0x00007ffe00b30000 - 0x00007ffe00bb3000 	C:\WINDOWS\System32\fwpuclnt.dll
0x00007ffde8df0000 - 0x00007ffde8df7000 	C:\Program Files\Java\jdk-20\bin\extnet.dll
0x00007ffe0cc80000 - 0x00007ffe0cc9b000 	C:\WINDOWS\SYSTEM32\CRYPTSP.dll
0x00007ffe0c550000 - 0x00007ffe0c585000 	C:\WINDOWS\system32\rsaenh.dll
0x00007ffe0cb20000 - 0x00007ffe0cb48000 	C:\WINDOWS\SYSTEM32\USERENV.dll
0x00007ffe0cca0000 - 0x00007ffe0ccac000 	C:\WINDOWS\SYSTEM32\CRYPTBASE.dll
0x00007ffe03620000 - 0x00007ffe03639000 	C:\WINDOWS\SYSTEM32\dhcpcsvc6.DLL
0x00007ffe03690000 - 0x00007ffe036af000 	C:\WINDOWS\SYSTEM32\dhcpcsvc.DLL
0x00007ffdca1b0000 - 0x00007ffdca1be000 	C:\Program Files\Java\jdk-20\bin\sunmscapi.dll
0x00007ffe0deb0000 - 0x00007ffe0e018000 	C:\WINDOWS\System32\CRYPT32.dll
0x00007ffe0cec0000 - 0x00007ffe0ceee000 	C:\WINDOWS\SYSTEM32\ncrypt.dll
0x00007ffe0ce80000 - 0x00007ffe0ceb7000 	C:\WINDOWS\SYSTEM32\NTASN1.dll
0x00007ffd71050000 - 0x00007ffd710d6000 	C:\Program Files\Java\jdk-20\bin\freetype.dll
0x00007ffd5cfd0000 - 0x00007ffd5d0a3000 	C:\Program Files\Java\jdk-20\bin\fontmanager.dll
0x00007ffe100b0000 - 0x00007ffe10160000 	C:\WINDOWS\System32\clbcatq.dll
0x00007ffe08d60000 - 0x00007ffe08f10000 	C:\WINDOWS\SYSTEM32\WindowsCodecs.dll
0x00007ffdd0f90000 - 0x00007ffdd0fee000 	C:\WINDOWS\system32\dataexchange.dll
0x00007ffe02d40000 - 0x00007ffe02fcb000 	C:\WINDOWS\system32\twinapi.appcore.dll

dbghelp: loaded successfully - version: 4.0.5 - missing functions: none
symbol engine: initialized successfully - sym options: 0x614 - pdb path: .;C:\Program Files\Java\jdk-20\bin;C:\WINDOWS\SYSTEM32;C:\WINDOWS\WinSxS\amd64_microsoft.windows.common-controls_6595b64144ccf1df_6.0.22621.3527_none_270e469b73872a76;C:\Program Files\Java\jdk-20\bin\server

VM Arguments:
jvm_args: -Dfile.encoding=UTF-8 --module-path=C:\Users\91830\OneDrive\Documents\NetBeansProjects\AirlineManagementSystem\build\classes 
java_command: airlinemanagementsystem.BookFlight
java_class_path (initial): C:\Users\91830\Downloads\mysql-connector.jar;C:\Users\91830\Downloads\mysql-connector-java-8.0.28.jar;C:\Users\91830\Downloads\rs2xml.jar;C:\Users\91830\OneDrive\Documents\NetBeansProjects\AirlineManagementSystem\build\classes
Launcher Type: SUN_STANDARD

[Global flags]
     intx CICompilerCount                          = 4                                         {product} {ergonomic}
     uint ConcGCThreads                            = 3                                         {product} {ergonomic}
     uint G1ConcRefinementThreads                  = 10                                        {product} {ergonomic}
   size_t G1HeapRegionSize                         = 1048576                                   {product} {ergonomic}
    uintx GCDrainStackTargetSize                   = 64                                        {product} {ergonomic}
   size_t InitialHeapSize                          = 130023424                                 {product} {ergonomic}
   size_t MarkStackSize                            = 4194304                                   {product} {ergonomic}
   size_t MaxHeapSize                              = 2061500416                                {product} {ergonomic}
   size_t MaxNewSize                               = 1236271104                                {product} {ergonomic}
   size_t MinHeapDeltaBytes                        = 1048576                                   {product} {ergonomic}
   size_t MinHeapSize                              = 8388608                                   {product} {ergonomic}
    uintx NonNMethodCodeHeapSize                   = 5839372                                {pd product} {ergonomic}
    uintx NonProfiledCodeHeapSize                  = 122909434                              {pd product} {ergonomic}
    uintx ProfiledCodeHeapSize                     = 122909434                              {pd product} {ergonomic}
    uintx ReservedCodeCacheSize                    = 251658240                              {pd product} {ergonomic}
     bool SegmentedCodeCache                       = true                                      {product} {ergonomic}
   size_t SoftMaxHeapSize                          = 2061500416                             {manageable} {ergonomic}
     bool UseCompressedClassPointers               = true                           {product lp64_product} {ergonomic}
     bool UseCompressedOops                        = true                           {product lp64_product} {ergonomic}
     bool UseG1GC                                  = true                                      {product} {ergonomic}
     bool UseLargePagesIndividualAllocation        = false                                  {pd product} {ergonomic}

Logging:
Log output configuration:
 #0: stdout all=warning uptime,level,tags foldmultilines=false
 #1: stderr all=off uptime,level,tags foldmultilines=false

Environment Variables:
JAVA_HOME=C:\Program Files\Java\jdk-20
PATH=C:\Program Files\Common Files\Oracle\Java\javapath;C:\WINDOWS\system32;C:\WINDOWS;C:\WINDOWS\System32\Wbem;C:\WINDOWS\System32\WindowsPowerShell\v1.0\;C:\WINDOWS\System32\OpenSSH\;C:\Program Files\Git\cmd;C:\Program Files\nodejs\;C:\Program Files\PowerShell\7\;C:\Program Files\MySQL\MySQL Shell 8.0\bin\;C:\Users\91830\AppData\Local\Programs\Python\Python311\Scripts\;C:\Users\91830\AppData\Local\Programs\Python\Python311\;C:\Users\91830\AppData\Local\Microsoft\WindowsApps;C:\Users\91830\AppData\Local\Programs\Microsoft VS Code\bin;C:\MinGW\bin;C:\Program Files\Java\jdk-17\bin;C:\Program Files\Java\jdk-20\bin;C:\Program Files\Common Files\Oracle\Java\javapath;C:\Users\91830\AppData\Roaming\npm;C:\Program Files\JetBrains\IntelliJ IDEA Community Edition 2023.2.2\bin;
USERNAME=Anurag Pal
OS=Windows_NT
PROCESSOR_IDENTIFIER=Intel64 Family 6 Model 154 Stepping 4, GenuineIntel
TMP=C:\Users\91830\AppData\Local\Temp
TEMP=C:\Users\91830\AppData\Local\Temp




---------------  S Y S T E M  ---------------

OS:
 Windows 11 , 64 bit Build 22621 (10.0.22621.3527)
OS uptime: 0 days 10:33 hours
Hyper-V role detected

CPU: total 12 (initial active 12) (6 cores per cpu, 2 threads per core) family 6 model 154 stepping 4 microcode 0x42c, cx8, cmov, fxsr, ht, mmx, 3dnowpref, sse, sse2, sse3, ssse3, sse4.1, sse4.2, popcnt, lzcnt, tsc, tscinvbit, avx, avx2, aes, erms, clmul, bmi1, bmi2, adx, sha, fma, vzeroupper, clflush, clflushopt, clwb, hv, serialize, rdtscp, rdpid, fsrm, f16c, cet_ibt, cet_ss

Memory: 4k page, system-wide physical 7863M (507M free)
TotalPageFile size 32439M (AvailPageFile size 0M)
current process WorkingSet (physical memory assigned to process): 102M, peak: 102M
current process commit charge ("private bytes"): 249M, peak: 250M

vm_info: Java HotSpot(TM) 64-Bit Server VM (20.0.2+9-78) for windows-amd64 JRE (20.0.2+9-78), built on 2023-06-14T10:08:48Z by "mach5one" with MS VC++ 17.1 (VS2022)

END.
