#
# There is insufficient memory for the Java Runtime Environment to continue.
# Native memory allocation (mmap) failed to map 130023424 bytes for G1 virtual space
# Possible reasons:
#   The system is out of physical RAM or swap space
#   The process is running with CompressedOops enabled, and the Java Heap may be blocking the growth of the native heap
# Possible solutions:
#   Reduce memory load on the system
#   Increase physical memory or swap space
#   Check if swap backing store is full
#   Decrease Java heap size (-Xmx/-Xms)
#   Decrease number of Java threads
#   Decrease Java thread stack sizes (-Xss)
#   Set larger code cache with -XX:ReservedCodeCacheSize=
#   JVM is running with Unscaled Compressed Oops mode in which the Java heap is
#     placed in the first 4GB address space. The Java Heap base address is the
#     maximum limit for the native heap growth. Please use -XX:HeapBaseMinAddress
#     to set the Java Heap base and to place the Java Heap above 4GB virtual address.
# This output file may be truncated or incomplete.
#
#  Out of Memory Error (os_windows.cpp:3528), pid=1232, tid=15120
#
# JRE version:  (20.0.2+9) (build )
# Java VM: Java HotSpot(TM) 64-Bit Server VM (20.0.2+9-78, mixed mode, sharing, tiered, compressed oops, compressed class ptrs, g1 gc, windows-amd64)
# No core dump will be written. Minidumps are not enabled by default on client versions of Windows
#

---------------  S U M M A R Y ------------

Command Line: -Dfile.encoding=UTF-8 --module-path=C:\Users\91830\OneDrive\Documents\NetBeansProjects\AirlineManagementSystem\build\classes airlinemanagementsystem.BookFlight

Host: 12th Gen Intel(R) Core(TM) i5-1235U, 12 cores, 7G,  Windows 11 , 64 bit Build 22621 (10.0.22621.3527)
Time: Fri May 31 00:09:37 2024 India Standard Time elapsed time: 0.013561 seconds (0d 0h 0m 0s)

---------------  T H R E A D  ---------------

Current thread (0x000001ec931cc320):  JavaThread "Unknown thread" [_thread_in_vm, id=15120, stack(0x0000003995a00000,0x0000003995b00000)]

Stack: [0x0000003995a00000,0x0000003995b00000]
Native frames: (J=compiled Java code, j=interpreted, Vv=VM code, C=native code)
V  [jvm.dll+0x6bc25a]
V  [jvm.dll+0x84971a]
V  [jvm.dll+0x84b315]
V  [jvm.dll+0x84ba13]
V  [jvm.dll+0x280e4f]
V  [jvm.dll+0x6b8fe9]
V  [jvm.dll+0x6adbca]
V  [jvm.dll+0x35b165]
V  [jvm.dll+0x363386]
V  [jvm.dll+0x3b400e]
V  [jvm.dll+0x3b4295]
V  [jvm.dll+0x32b86a]
V  [jvm.dll+0x32c68b]
V  [jvm.dll+0x8123df]
V  [jvm.dll+0x3c1261]
V  [jvm.dll+0x7fe103]
V  [jvm.dll+0x44ccaf]
V  [jvm.dll+0x44e621]
C  [jli.dll+0x5287]
C  [ucrtbase.dll+0x29333]
C  [KERNEL32.DLL+0x1257d]
C  [ntdll.dll+0x5aa48]


---------------  P R O C E S S  ---------------

Threads class SMR info:
_java_thread_list=0x00007ffd5309b118, length=0, elements={
}

Java Threads: ( => current thread )

Other Threads:
  0x000001ec9322d7c0 WorkerThread "GC Thread#0" [stack: 0x0000003995b00000,0x0000003995c00000] [id=32428]
  0x000001ec9323e650 ConcurrentGCThread "G1 Main Marker" [stack: 0x0000003995c00000,0x0000003995d00000] [id=32448]
  0x000001ec9323f820 WorkerThread "G1 Conc#0" [stack: 0x0000003995d00000,0x0000003995e00000] [id=17944]

[error occurred during error reporting (printing all threads), id 0xc0000005, EXCEPTION_ACCESS_VIOLATION (0xc0000005) at pc=0x00007ffd5287eea7]
VM state: not at safepoint (not fully initialized)

VM Mutex/Monitor currently owned by a thread:  ([mutex/lock_event])
[0x000001ec931c9130] Heap_lock - owner thread: 0x000001ec931cc320

Heap address: 0x0000000085200000, size: 1966 MB, Compressed Oops mode: 32-bit

CDS archive(s) mapped at: [0x0000000000000000-0x0000000000000000-0x0000000000000000), size 0, SharedBaseAddress: 0x0000000800000000, ArchiveRelocationMode: 1.
Narrow klass base: 0x0000000000000000, Narrow klass shift: 0, Narrow klass range: 0x0

GC Precious Log:
 CardTable entry size: 512
 Card Set container configuration: InlinePtr #cards 5 size 8 Array Of Cards #cards 12 size 40 Howl #buckets 4 coarsen threshold 1843 Howl Bitmap #cards 512 size 80 coarsen threshold 460 Card regions per heap region 1 cards per card region 2048

Heap:
 garbage-first heap   total 0K, used 0K [0x0000000085200000, 0x0000000100000000)
  region size 1024K, 0 young (0K), 0 survivors (0K)

[error occurred during error reporting (printing heap information), id 0xc0000005, EXCEPTION_ACCESS_VIOLATION (0xc0000005) at pc=0x00007ffd52c547b9]
GC Heap History (0 events):
No events

Dll operation events (1 events):
Event: 0.006 Loaded shared library C:\Program Files\Java\jdk-20\bin\java.dll

Deoptimization events (0 events):
No events

Classes loaded (0 events):
No events

Classes unloaded (0 events):
No events

Classes redefined (0 events):
No events

Internal exceptions (0 events):
No events

VM Operations (0 events):
No events

Events (0 events):
No events


Dynamic libraries:
0x00007ff7a31d0000 - 0x00007ff7a31e0000 	C:\Program Files\Java\jdk-20\bin\java.exe
0x00007ffe102f0000 - 0x00007ffe10507000 	C:\WINDOWS\SYSTEM32\ntdll.dll
0x00007ffe0ec40000 - 0x00007ffe0ed04000 	C:\WINDOWS\System32\KERNEL32.DLL
0x00007ffe0d610000 - 0x00007ffe0d9b7000 	C:\WINDOWS\System32\KERNELBASE.dll
0x00007ffe0dcf0000 - 0x00007ffe0de01000 	C:\WINDOWS\System32\ucrtbase.dll
0x00007ffde93e0000 - 0x00007ffde93fb000 	C:\Program Files\Java\jdk-20\bin\VCRUNTIME140.dll
0x00007ffdeafc0000 - 0x00007ffdeafd9000 	C:\Program Files\Java\jdk-20\bin\jli.dll
0x00007ffe0e380000 - 0x00007ffe0e432000 	C:\WINDOWS\System32\ADVAPI32.dll
0x00007ffe10160000 - 0x00007ffe10207000 	C:\WINDOWS\System32\msvcrt.dll
0x00007ffe0e1e0000 - 0x00007ffe0e288000 	C:\WINDOWS\System32\sechost.dll
0x00007ffe0daf0000 - 0x00007ffe0db18000 	C:\WINDOWS\System32\bcrypt.dll
0x00007ffe0e020000 - 0x00007ffe0e135000 	C:\WINDOWS\System32\RPCRT4.dll
0x00007ffe0ee80000 - 0x00007ffe0f02e000 	C:\WINDOWS\System32\USER32.dll
0x00007ffe0dba0000 - 0x00007ffe0dbc6000 	C:\WINDOWS\System32\win32u.dll
0x00007ffe0e440000 - 0x00007ffe0e469000 	C:\WINDOWS\System32\GDI32.dll
0x00007ffe0dbd0000 - 0x00007ffe0dce9000 	C:\WINDOWS\System32\gdi32full.dll
0x00007ffe0de10000 - 0x00007ffe0deaa000 	C:\WINDOWS\System32\msvcp_win.dll
0x00007ffdf1210000 - 0x00007ffdf14a3000 	C:\WINDOWS\WinSxS\amd64_microsoft.windows.common-controls_6595b64144ccf1df_6.0.22621.3527_none_270e469b73872a76\COMCTL32.dll
0x00007ffdfe9f0000 - 0x00007ffdfe9fa000 	C:\WINDOWS\SYSTEM32\VERSION.dll
0x00007ffe10270000 - 0x00007ffe102a1000 	C:\WINDOWS\System32\IMM32.DLL
0x00007ffde93d0000 - 0x00007ffde93dc000 	C:\Program Files\Java\jdk-20\bin\vcruntime140_1.dll
0x00007ffd74380000 - 0x00007ffd7440e000 	C:\Program Files\Java\jdk-20\bin\msvcp140.dll
0x00007ffd52540000 - 0x00007ffd531d8000 	C:\Program Files\Java\jdk-20\bin\server\jvm.dll
0x00007ffe05e80000 - 0x00007ffe05e89000 	C:\WINDOWS\SYSTEM32\WSOCK32.dll
0x00007ffe018f0000 - 0x00007ffe01924000 	C:\WINDOWS\SYSTEM32\WINMM.dll
0x00007ffe0ee00000 - 0x00007ffe0ee71000 	C:\WINDOWS\System32\WS2_32.dll
0x00007ffe0c5f0000 - 0x00007ffe0c608000 	C:\WINDOWS\SYSTEM32\kernel.appcore.dll
0x00007ffde93c0000 - 0x00007ffde93ca000 	C:\Program Files\Java\jdk-20\bin\jimage.dll
0x00007ffe0aef0000 - 0x00007ffe0b122000 	C:\WINDOWS\SYSTEM32\DBGHELP.DLL
0x00007ffe0f030000 - 0x00007ffe0f3b8000 	C:\WINDOWS\System32\combase.dll
0x00007ffe0ed20000 - 0x00007ffe0edf7000 	C:\WINDOWS\System32\OLEAUT32.dll
0x00007ffde8ae0000 - 0x00007ffde8b12000 	C:\WINDOWS\SYSTEM32\dbgcore.DLL
0x00007ffe0db20000 - 0x00007ffe0db99000 	C:\WINDOWS\System32\bcryptPrimitives.dll
0x00007ffdd23e0000 - 0x00007ffdd2406000 	C:\Program Files\Java\jdk-20\bin\java.dll

dbghelp: loaded successfully - version: 4.0.5 - missing functions: none
symbol engine: initialized successfully - sym options: 0x614 - pdb path: .;C:\Program Files\Java\jdk-20\bin;C:\WINDOWS\SYSTEM32;C:\WINDOWS\WinSxS\amd64_microsoft.windows.common-controls_6595b64144ccf1df_6.0.22621.3527_none_270e469b73872a76;C:\Program Files\Java\jdk-20\bin\server

VM Arguments:
jvm_args: -Dfile.encoding=UTF-8 --module-path=C:\Users\91830\OneDrive\Documents\NetBeansProjects\AirlineManagementSystem\build\classes 
java_command: airlinemanagementsystem.BookFlight
java_class_path (initial): C:\Users\91830\Downloads\mysql-connector.jar;C:\Users\91830\Downloads\mysql-connector-java-8.0.28.jar;C:\Users\91830\Downloads\rs2xml.jar;C:\Users\91830\OneDrive\Documents\NetBeansProjects\AirlineManagementSystem\build\classes
Launcher Type: SUN_STANDARD

[Global flags]
     intx CICompilerCount                          = 4                                         {product} {ergonomic}
     uint ConcGCThreads                            = 3                                         {product} {ergonomic}
     uint G1ConcRefinementThreads                  = 10                                        {product} {ergonomic}
   size_t G1HeapRegionSize                         = 1048576                                   {product} {ergonomic}
    uintx GCDrainStackTargetSize                   = 64                                        {product} {ergonomic}
   size_t InitialHeapSize                          = 130023424                                 {product} {ergonomic}
   size_t MarkStackSize                            = 4194304                                   {product} {ergonomic}
   size_t MaxHeapSize                              = 2061500416                                {product} {ergonomic}
   size_t MinHeapDeltaBytes                        = 1048576                                   {product} {ergonomic}
   size_t MinHeapSize                              = 8388608                                   {product} {ergonomic}
    uintx NonNMethodCodeHeapSize                   = 5839372                                {pd product} {ergonomic}
    uintx NonProfiledCodeHeapSize                  = 122909434                              {pd product} {ergonomic}
    uintx ProfiledCodeHeapSize                     = 122909434                              {pd product} {ergonomic}
    uintx ReservedCodeCacheSize                    = 251658240                              {pd product} {ergonomic}
     bool SegmentedCodeCache                       = true                                      {product} {ergonomic}
   size_t SoftMaxHeapSize                          = 2061500416                             {manageable} {ergonomic}
     bool UseCompressedClassPointers               = true                           {product lp64_product} {ergonomic}
     bool UseCompressedOops                        = true                           {product lp64_product} {ergonomic}
     bool UseG1GC                                  = true                                      {product} {ergonomic}
     bool UseLargePagesIndividualAllocation        = false                                  {pd product} {ergonomic}

Logging:
Log output configuration:
 #0: stdout all=warning uptime,level,tags foldmultilines=false
 #1: stderr all=off uptime,level,tags foldmultilines=false

Environment Variables:
JAVA_HOME=C:\Program Files\Java\jdk-20
PATH=C:\Program Files\Common Files\Oracle\Java\javapath;C:\WINDOWS\system32;C:\WINDOWS;C:\WINDOWS\System32\Wbem;C:\WINDOWS\System32\WindowsPowerShell\v1.0\;C:\WINDOWS\System32\OpenSSH\;C:\Program Files\Git\cmd;C:\Program Files\nodejs\;C:\Program Files\PowerShell\7\;C:\Users\91830\AppData\Local\Programs\Python\Python311\Scripts\;C:\Users\91830\AppData\Local\Programs\Python\Python311\;C:\Users\91830\AppData\Local\Microsoft\WindowsApps;C:\Users\91830\AppData\Local\Programs\Microsoft VS Code\bin;C:\MinGW\bin;C:\Program Files\Java\jdk-17\bin;C:\Program Files\Java\jdk-20\bin;C:\Program Files\Common Files\Oracle\Java\javapath;C:\Users\91830\AppData\Roaming\npm;C:\Program Files\JetBrains\IntelliJ IDEA Community Edition 2023.2.2\bin;
USERNAME=Anurag Pal
OS=Windows_NT
PROCESSOR_IDENTIFIER=Intel64 Family 6 Model 154 Stepping 4, GenuineIntel
TMP=C:\Users\91830\AppData\Local\Temp
TEMP=C:\Users\91830\AppData\Local\Temp




---------------  S Y S T E M  ---------------

OS:
 Windows 11 , 64 bit Build 22621 (10.0.22621.3527)
OS uptime: 0 days 10:26 hours
Hyper-V role detected

CPU: total 12 (initial active 12) (6 cores per cpu, 2 threads per core) family 6 model 154 stepping 4 microcode 0x42c, cx8, cmov, fxsr, ht, mmx, 3dnowpref, sse, sse2, sse3, ssse3, sse4.1, sse4.2, popcnt, lzcnt, tsc, tscinvbit, avx, avx2, aes, erms, clmul, bmi1, bmi2, adx, sha, fma, vzeroupper, clflush, clflushopt, clwb, hv, serialize, rdtscp, rdpid, fsrm, f16c, cet_ibt, cet_ss

Memory: 4k page, system-wide physical 7863M (455M free)
TotalPageFile size 32439M (AvailPageFile size 34M)
current process WorkingSet (physical memory assigned to process): 11M, peak: 11M
current process commit charge ("private bytes"): 64M, peak: 188M

vm_info: Java HotSpot(TM) 64-Bit Server VM (20.0.2+9-78) for windows-amd64 JRE (20.0.2+9-78), built on 2023-06-14T10:08:48Z by "mach5one" with MS VC++ 17.1 (VS2022)

END.
